Not searching for unused variables given on the command line.
[36m--[0m The CXX compiler identification is Clang 14.0.6
[36m--[0m Detecting CXX compiler ABI info
[36m--[0m Detecting CXX compiler ABI info - done
[36m--[0m Check for working CXX compiler: /usr/local/Caskroom/miniforge/base/envs/ros-noetic-tools/bin/x86_64-apple-darwin13.4.0-clang++ - skipped
[36m--[0m Detecting CXX compile features
[36m--[0m Detecting CXX compile features - done
[36m--[0m Performing Test CMAKE_HAVE_LIBC_PTHREAD
[36m--[0m Performing Test CMAKE_HAVE_LIBC_PTHREAD - Success
[36m--[0m Found Threads: TRUE
[36m--[0m Found Boost: /usr/local/Caskroom/miniforge/base/envs/ros-noetic-tools/lib/cmake/Boost-1.74.0/BoostConfig.cmake (found version "1.74.0") found components: regex system thread
[36m--[0m Searching for Poco library...
[36m--[0m   Found Poco!
[36m--[0m components found: Foundation, Net, Util, XML.
[36m--[0m Found Protobuf: /usr/local/Caskroom/miniforge/base/envs/ros-noetic-tools/lib/libprotobuf.dylib (found version "3.19.4")
[36m--[0m Generating protobuf C++ for: proto/robot_controller_description.proto
[36m--[0m abb_egm_rws_managers: Defaulting build type to RelWithDebInfo
[36m--[0m Performing Test COMPILER_HAS_HIDDEN_VISIBILITY
[36m--[0m Performing Test COMPILER_HAS_HIDDEN_VISIBILITY - Success
[36m--[0m Performing Test COMPILER_HAS_HIDDEN_INLINE_VISIBILITY
[36m--[0m Performing Test COMPILER_HAS_HIDDEN_INLINE_VISIBILITY - Success
[36m--[0m Performing Test COMPILER_HAS_DEPRECATED_ATTR
[36m--[0m Performing Test COMPILER_HAS_DEPRECATED_ATTR - Success
[36m--[0m Configuring done
[36m--[0m Generating done
[36m--[0m Build files have been written to: /Users/amoralesma/Documents/research/abb_driver_pci/build/abb_egm_rws_managers
