Symlinking /Users/amoralesma/Documents/research/abb_driver_pci/devel/include/abb_rapid_sm_addin_msgs/SetSGCommandRequest.h
Symlinking /Users/amoralesma/Documents/research/abb_driver_pci/devel/include/abb_rapid_sm_addin_msgs/EGMRunSettings.h
Symlinking /Users/amoralesma/Documents/research/abb_driver_pci/devel/include/abb_rapid_sm_addin_msgs/SetEGMSettingsResponse.h
Symlinking /Users/amoralesma/Documents/research/abb_driver_pci/devel/include/abb_rapid_sm_addin_msgs/SetSGCommandResponse.h
Symlinking /Users/amoralesma/Documents/research/abb_driver_pci/devel/include/abb_rapid_sm_addin_msgs/EGMActivateSettings.h
Symlinking /Users/amoralesma/Documents/research/abb_driver_pci/devel/include/abb_rapid_sm_addin_msgs/SetSGCommand.h
Symlinking /Users/amoralesma/Documents/research/abb_driver_pci/devel/include/abb_rapid_sm_addin_msgs/SetRAPIDRoutineResponse.h
Symlinking /Users/amoralesma/Documents/research/abb_driver_pci/devel/include/abb_rapid_sm_addin_msgs/EGMStopSettings.h
Symlinking /Users/amoralesma/Documents/research/abb_driver_pci/devel/include/abb_rapid_sm_addin_msgs/GetEGMSettings.h
Symlinking /Users/amoralesma/Documents/research/abb_driver_pci/devel/include/abb_rapid_sm_addin_msgs/SetRAPIDRoutineRequest.h
Symlinking /Users/amoralesma/Documents/research/abb_driver_pci/devel/include/abb_rapid_sm_addin_msgs/SetEGMSettingsRequest.h
Symlinking /Users/amoralesma/Documents/research/abb_driver_pci/devel/include/abb_rapid_sm_addin_msgs/GetEGMSettingsRequest.h
Symlinking /Users/amoralesma/Documents/research/abb_driver_pci/devel/include/abb_rapid_sm_addin_msgs/GetEGMSettingsResponse.h
Symlinking /Users/amoralesma/Documents/research/abb_driver_pci/devel/include/abb_rapid_sm_addin_msgs/StateMachineState.h
Symlinking /Users/amoralesma/Documents/research/abb_driver_pci/devel/include/abb_rapid_sm_addin_msgs/SetEGMSettings.h
Symlinking /Users/amoralesma/Documents/research/abb_driver_pci/devel/include/abb_rapid_sm_addin_msgs/SetRAPIDRoutine.h
Symlinking /Users/amoralesma/Documents/research/abb_driver_pci/devel/include/abb_rapid_sm_addin_msgs/RuntimeState.h
Symlinking /Users/amoralesma/Documents/research/abb_driver_pci/devel/include/abb_rapid_sm_addin_msgs/EGMSetupSettings.h
Symlinking /Users/amoralesma/Documents/research/abb_driver_pci/devel/include/abb_rapid_sm_addin_msgs/EGMSettings.h
Symlinking /Users/amoralesma/Documents/research/abb_driver_pci/devel/lib/pkgconfig/abb_rapid_sm_addin_msgs.pc
Symlinking /Users/amoralesma/Documents/research/abb_driver_pci/devel/lib/python3.9/site-packages/abb_rapid_sm_addin_msgs/__init__.py
Symlinking /Users/amoralesma/Documents/research/abb_driver_pci/devel/lib/python3.9/site-packages/abb_rapid_sm_addin_msgs/msg/_EGMStopSettings.py
Symlinking /Users/amoralesma/Documents/research/abb_driver_pci/devel/lib/python3.9/site-packages/abb_rapid_sm_addin_msgs/msg/_StateMachineState.py
Symlinking /Users/amoralesma/Documents/research/abb_driver_pci/devel/lib/python3.9/site-packages/abb_rapid_sm_addin_msgs/msg/_RuntimeState.py
Symlinking /Users/amoralesma/Documents/research/abb_driver_pci/devel/lib/python3.9/site-packages/abb_rapid_sm_addin_msgs/msg/_EGMSettings.py
Symlinking /Users/amoralesma/Documents/research/abb_driver_pci/devel/lib/python3.9/site-packages/abb_rapid_sm_addin_msgs/msg/__init__.py
Symlinking /Users/amoralesma/Documents/research/abb_driver_pci/devel/lib/python3.9/site-packages/abb_rapid_sm_addin_msgs/msg/_EGMSetupSettings.py
Symlinking /Users/amoralesma/Documents/research/abb_driver_pci/devel/lib/python3.9/site-packages/abb_rapid_sm_addin_msgs/msg/_EGMRunSettings.py
Symlinking /Users/amoralesma/Documents/research/abb_driver_pci/devel/lib/python3.9/site-packages/abb_rapid_sm_addin_msgs/msg/_EGMActivateSettings.py
Symlinking /Users/amoralesma/Documents/research/abb_driver_pci/devel/lib/python3.9/site-packages/abb_rapid_sm_addin_msgs/srv/_SetEGMSettings.py
Symlinking /Users/amoralesma/Documents/research/abb_driver_pci/devel/lib/python3.9/site-packages/abb_rapid_sm_addin_msgs/srv/__init__.py
Symlinking /Users/amoralesma/Documents/research/abb_driver_pci/devel/lib/python3.9/site-packages/abb_rapid_sm_addin_msgs/srv/_GetEGMSettings.py
Symlinking /Users/amoralesma/Documents/research/abb_driver_pci/devel/lib/python3.9/site-packages/abb_rapid_sm_addin_msgs/srv/_SetSGCommand.py
Symlinking /Users/amoralesma/Documents/research/abb_driver_pci/devel/lib/python3.9/site-packages/abb_rapid_sm_addin_msgs/srv/_SetRAPIDRoutine.py
Symlinking /Users/amoralesma/Documents/research/abb_driver_pci/devel/share/abb_rapid_sm_addin_msgs/cmake/abb_rapid_sm_addin_msgs-msg-extras.cmake
Symlinking /Users/amoralesma/Documents/research/abb_driver_pci/devel/share/abb_rapid_sm_addin_msgs/cmake/abb_rapid_sm_addin_msgsConfig.cmake
Symlinking /Users/amoralesma/Documents/research/abb_driver_pci/devel/share/abb_rapid_sm_addin_msgs/cmake/abb_rapid_sm_addin_msgs-msg-paths.cmake
Symlinking /Users/amoralesma/Documents/research/abb_driver_pci/devel/share/abb_rapid_sm_addin_msgs/cmake/abb_rapid_sm_addin_msgsConfig-version.cmake
Symlinking /Users/amoralesma/Documents/research/abb_driver_pci/devel/share/roseus/ros/abb_rapid_sm_addin_msgs/manifest.l
Symlinking /Users/amoralesma/Documents/research/abb_driver_pci/devel/share/roseus/ros/abb_rapid_sm_addin_msgs/msg/StateMachineState.l
Symlinking /Users/amoralesma/Documents/research/abb_driver_pci/devel/share/roseus/ros/abb_rapid_sm_addin_msgs/msg/RuntimeState.l
Symlinking /Users/amoralesma/Documents/research/abb_driver_pci/devel/share/roseus/ros/abb_rapid_sm_addin_msgs/msg/EGMSetupSettings.l
Symlinking /Users/amoralesma/Documents/research/abb_driver_pci/devel/share/roseus/ros/abb_rapid_sm_addin_msgs/msg/EGMSettings.l
Symlinking /Users/amoralesma/Documents/research/abb_driver_pci/devel/share/roseus/ros/abb_rapid_sm_addin_msgs/msg/EGMRunSettings.l
Symlinking /Users/amoralesma/Documents/research/abb_driver_pci/devel/share/roseus/ros/abb_rapid_sm_addin_msgs/msg/EGMActivateSettings.l
Symlinking /Users/amoralesma/Documents/research/abb_driver_pci/devel/share/roseus/ros/abb_rapid_sm_addin_msgs/msg/EGMStopSettings.l
Symlinking /Users/amoralesma/Documents/research/abb_driver_pci/devel/share/roseus/ros/abb_rapid_sm_addin_msgs/srv/SetEGMSettings.l
Symlinking /Users/amoralesma/Documents/research/abb_driver_pci/devel/share/roseus/ros/abb_rapid_sm_addin_msgs/srv/SetRAPIDRoutine.l
Symlinking /Users/amoralesma/Documents/research/abb_driver_pci/devel/share/roseus/ros/abb_rapid_sm_addin_msgs/srv/SetSGCommand.l
Symlinking /Users/amoralesma/Documents/research/abb_driver_pci/devel/share/roseus/ros/abb_rapid_sm_addin_msgs/srv/GetEGMSettings.l
Symlinking /Users/amoralesma/Documents/research/abb_driver_pci/devel/share/common-lisp/ros/abb_rapid_sm_addin_msgs/msg/_package_EGMRunSettings.lisp
Symlinking /Users/amoralesma/Documents/research/abb_driver_pci/devel/share/common-lisp/ros/abb_rapid_sm_addin_msgs/msg/_package_RuntimeState.lisp
Symlinking /Users/amoralesma/Documents/research/abb_driver_pci/devel/share/common-lisp/ros/abb_rapid_sm_addin_msgs/msg/EGMStopSettings.lisp
Symlinking /Users/amoralesma/Documents/research/abb_driver_pci/devel/share/common-lisp/ros/abb_rapid_sm_addin_msgs/msg/RuntimeState.lisp
Symlinking /Users/amoralesma/Documents/research/abb_driver_pci/devel/share/common-lisp/ros/abb_rapid_sm_addin_msgs/msg/_package_EGMSettings.lisp
Symlinking /Users/amoralesma/Documents/research/abb_driver_pci/devel/share/common-lisp/ros/abb_rapid_sm_addin_msgs/msg/_package_EGMStopSettings.lisp
Symlinking /Users/amoralesma/Documents/research/abb_driver_pci/devel/share/common-lisp/ros/abb_rapid_sm_addin_msgs/msg/_package_EGMSetupSettings.lisp
Symlinking /Users/amoralesma/Documents/research/abb_driver_pci/devel/share/common-lisp/ros/abb_rapid_sm_addin_msgs/msg/_package.lisp
Symlinking /Users/amoralesma/Documents/research/abb_driver_pci/devel/share/common-lisp/ros/abb_rapid_sm_addin_msgs/msg/EGMRunSettings.lisp
Symlinking /Users/amoralesma/Documents/research/abb_driver_pci/devel/share/common-lisp/ros/abb_rapid_sm_addin_msgs/msg/_package_StateMachineState.lisp
Symlinking /Users/amoralesma/Documents/research/abb_driver_pci/devel/share/common-lisp/ros/abb_rapid_sm_addin_msgs/msg/EGMSetupSettings.lisp
Symlinking /Users/amoralesma/Documents/research/abb_driver_pci/devel/share/common-lisp/ros/abb_rapid_sm_addin_msgs/msg/EGMActivateSettings.lisp
Symlinking /Users/amoralesma/Documents/research/abb_driver_pci/devel/share/common-lisp/ros/abb_rapid_sm_addin_msgs/msg/StateMachineState.lisp
Symlinking /Users/amoralesma/Documents/research/abb_driver_pci/devel/share/common-lisp/ros/abb_rapid_sm_addin_msgs/msg/EGMSettings.lisp
Symlinking /Users/amoralesma/Documents/research/abb_driver_pci/devel/share/common-lisp/ros/abb_rapid_sm_addin_msgs/msg/_package_EGMActivateSettings.lisp
Symlinking /Users/amoralesma/Documents/research/abb_driver_pci/devel/share/common-lisp/ros/abb_rapid_sm_addin_msgs/msg/abb_rapid_sm_addin_msgs-msg.asd
Symlinking /Users/amoralesma/Documents/research/abb_driver_pci/devel/share/common-lisp/ros/abb_rapid_sm_addin_msgs/srv/_package_GetEGMSettings.lisp
Symlinking /Users/amoralesma/Documents/research/abb_driver_pci/devel/share/common-lisp/ros/abb_rapid_sm_addin_msgs/srv/SetEGMSettings.lisp
Symlinking /Users/amoralesma/Documents/research/abb_driver_pci/devel/share/common-lisp/ros/abb_rapid_sm_addin_msgs/srv/_package.lisp
Symlinking /Users/amoralesma/Documents/research/abb_driver_pci/devel/share/common-lisp/ros/abb_rapid_sm_addin_msgs/srv/_package_SetEGMSettings.lisp
Symlinking /Users/amoralesma/Documents/research/abb_driver_pci/devel/share/common-lisp/ros/abb_rapid_sm_addin_msgs/srv/abb_rapid_sm_addin_msgs-srv.asd
Symlinking /Users/amoralesma/Documents/research/abb_driver_pci/devel/share/common-lisp/ros/abb_rapid_sm_addin_msgs/srv/_package_SetSGCommand.lisp
Symlinking /Users/amoralesma/Documents/research/abb_driver_pci/devel/share/common-lisp/ros/abb_rapid_sm_addin_msgs/srv/GetEGMSettings.lisp
Symlinking /Users/amoralesma/Documents/research/abb_driver_pci/devel/share/common-lisp/ros/abb_rapid_sm_addin_msgs/srv/SetSGCommand.lisp
Symlinking /Users/amoralesma/Documents/research/abb_driver_pci/devel/share/common-lisp/ros/abb_rapid_sm_addin_msgs/srv/SetRAPIDRoutine.lisp
Symlinking /Users/amoralesma/Documents/research/abb_driver_pci/devel/share/common-lisp/ros/abb_rapid_sm_addin_msgs/srv/_package_SetRAPIDRoutine.lisp
Symlinking /Users/amoralesma/Documents/research/abb_driver_pci/devel/share/gennodejs/ros/abb_rapid_sm_addin_msgs/_index.js
Symlinking /Users/amoralesma/Documents/research/abb_driver_pci/devel/share/gennodejs/ros/abb_rapid_sm_addin_msgs/msg/_index.js
Symlinking /Users/amoralesma/Documents/research/abb_driver_pci/devel/share/gennodejs/ros/abb_rapid_sm_addin_msgs/msg/EGMSettings.js
Symlinking /Users/amoralesma/Documents/research/abb_driver_pci/devel/share/gennodejs/ros/abb_rapid_sm_addin_msgs/msg/EGMStopSettings.js
Symlinking /Users/amoralesma/Documents/research/abb_driver_pci/devel/share/gennodejs/ros/abb_rapid_sm_addin_msgs/msg/EGMSetupSettings.js
Symlinking /Users/amoralesma/Documents/research/abb_driver_pci/devel/share/gennodejs/ros/abb_rapid_sm_addin_msgs/msg/StateMachineState.js
Symlinking /Users/amoralesma/Documents/research/abb_driver_pci/devel/share/gennodejs/ros/abb_rapid_sm_addin_msgs/msg/RuntimeState.js
Symlinking /Users/amoralesma/Documents/research/abb_driver_pci/devel/share/gennodejs/ros/abb_rapid_sm_addin_msgs/msg/EGMRunSettings.js
Symlinking /Users/amoralesma/Documents/research/abb_driver_pci/devel/share/gennodejs/ros/abb_rapid_sm_addin_msgs/msg/EGMActivateSettings.js
Symlinking /Users/amoralesma/Documents/research/abb_driver_pci/devel/share/gennodejs/ros/abb_rapid_sm_addin_msgs/srv/_index.js
Symlinking /Users/amoralesma/Documents/research/abb_driver_pci/devel/share/gennodejs/ros/abb_rapid_sm_addin_msgs/srv/GetEGMSettings.js
Symlinking /Users/amoralesma/Documents/research/abb_driver_pci/devel/share/gennodejs/ros/abb_rapid_sm_addin_msgs/srv/SetSGCommand.js
Symlinking /Users/amoralesma/Documents/research/abb_driver_pci/devel/share/gennodejs/ros/abb_rapid_sm_addin_msgs/srv/SetEGMSettings.js
Symlinking /Users/amoralesma/Documents/research/abb_driver_pci/devel/share/gennodejs/ros/abb_rapid_sm_addin_msgs/srv/SetRAPIDRoutine.js
