Not searching for unused variables given on the command line.
[36m--[0m Searching for Poco library...
[36m--[0m   Found Poco!
[36m--[0m components found: Foundation, Net, Util, XML.
[36m--[0m Using CATKIN_DEVEL_PREFIX: /Users/amoralesma/Documents/research/abb_driver_pci/devel/.private/abb_robot_cpp_utilities
[36m--[0m Using CMAKE_PREFIX_PATH: /Users/amoralesma/Documents/research/abb_driver_pci/devel;/usr/local/Caskroom/miniforge/base/envs/ros-noetic-tools
[36m--[0m This workspace overlays: /Users/amoralesma/Documents/research/abb_driver_pci/devel;/usr/local/Caskroom/miniforge/base/envs/ros-noetic-tools
[36m--[0m Using PYTHON_EXECUTABLE: /usr/local/Caskroom/miniforge/base/envs/ros-noetic-tools/bin/python3.9
[36m--[0m Using default Python package layout
[36m--[0m Using empy: /usr/local/Caskroom/miniforge/base/envs/ros-noetic-tools/lib/python3.9/site-packages/em.py
[36m--[0m Using CATKIN_ENABLE_TESTING: ON
[36m--[0m Call enable_testing()
[36m--[0m Using CATKIN_TEST_RESULTS_DIR: /Users/amoralesma/Documents/research/abb_driver_pci/build/abb_robot_cpp_utilities/test_results
[36m--[0m Found gtest: gtests will be built
[36m--[0m Using Python nosetests: /usr/local/Caskroom/miniforge/base/envs/ros-noetic-tools/bin/nosetests-3.9
[36m--[0m catkin 0.8.10
[36m--[0m BUILD_SHARED_LIBS is on
[36m--[0m abb_robot_cpp_utilities: Defaulting build type to RelWithDebInfo
[36m--[0m Configuring done
[36m--[0m Generating done
[36m--[0m Build files have been written to: /Users/amoralesma/Documents/research/abb_driver_pci/build/abb_robot_cpp_utilities
