Not searching for unused variables given on the command line.
[36m--[0m The CXX compiler identification is Clang 14.0.6
[36m--[0m Detecting CXX compiler ABI info
[36m--[0m Detecting CXX compiler ABI info - done
[36m--[0m Check for working CXX compiler: /usr/local/Caskroom/miniforge/base/envs/ros-noetic-tools/bin/x86_64-apple-darwin13.4.0-clang++ - skipped
[36m--[0m Detecting CXX compile features
[36m--[0m Detecting CXX compile features - done
[36m--[0m Performing Test CMAKE_HAVE_LIBC_PTHREAD
[36m--[0m Performing Test CMAKE_HAVE_LIBC_PTHREAD - Success
[36m--[0m Found Threads: TRUE
[36m--[0m Found Boost: /usr/local/Caskroom/miniforge/base/envs/ros-noetic-tools/lib/cmake/Boost-1.74.0/BoostConfig.cmake (found version "1.74.0") found components: regex system thread
[36m--[0m Searching for Poco library...
[36m--[0m   Found Poco!
[36m--[0m components found: Foundation, Net, Util, XML.
[36m--[0m Found Protobuf: /usr/local/Caskroom/miniforge/base/envs/ros-noetic-tools/lib/libprotobuf.dylib (found version "3.19.4")
[36m--[0m Using CATKIN_DEVEL_PREFIX: /Users/amoralesma/Documents/research/abb_driver_pci/devel/.private/abb_robot_cpp_utilities
[36m--[0m Using CMAKE_PREFIX_PATH: /Users/amoralesma/Documents/research/abb_driver_pci/devel;/usr/local/Caskroom/miniforge/base/envs/ros-noetic-tools
[36m--[0m This workspace overlays: /Users/amoralesma/Documents/research/abb_driver_pci/devel;/usr/local/Caskroom/miniforge/base/envs/ros-noetic-tools
[36m--[0m Found PythonInterp: /usr/local/Caskroom/miniforge/base/envs/ros-noetic-tools/bin/python3.9 (found suitable version "3.9.15", minimum required is "3.9")
[36m--[0m Using PYTHON_EXECUTABLE: /usr/local/Caskroom/miniforge/base/envs/ros-noetic-tools/bin/python3.9
[36m--[0m Using default Python package layout
[36m--[0m Found PY_em: /usr/local/Caskroom/miniforge/base/envs/ros-noetic-tools/lib/python3.9/site-packages/em.py
[36m--[0m Using empy: /usr/local/Caskroom/miniforge/base/envs/ros-noetic-tools/lib/python3.9/site-packages/em.py
[36m--[0m Using CATKIN_ENABLE_TESTING: ON
[36m--[0m Call enable_testing()
[36m--[0m Using CATKIN_TEST_RESULTS_DIR: /Users/amoralesma/Documents/research/abb_driver_pci/build/abb_robot_cpp_utilities/test_results
[36m--[0m Found gtest: gtests will be built
[36m--[0m Using Python nosetests: /usr/local/Caskroom/miniforge/base/envs/ros-noetic-tools/bin/nosetests-3.9
[36m--[0m catkin 0.8.10
[36m--[0m BUILD_SHARED_LIBS is on
[36m--[0m Could NOT find abb_egm_msgs (missing: abb_egm_msgs_DIR)
[36m--[0m Could not find the required component 'abb_egm_msgs'. The following CMake error indicates that you either need to install the package with the same name or change your environment so that it can be found.
[31mCMake Error at /usr/local/Caskroom/miniforge/base/envs/ros-noetic-tools/share/catkin/cmake/catkinConfig.cmake:83 (find_package):
  Could not find a package configuration file provided by "abb_egm_msgs" with
  any of the following names:

    abb_egm_msgsConfig.cmake
    abb_egm_msgs-config.cmake

  Add the installation prefix of "abb_egm_msgs" to CMAKE_PREFIX_PATH or set
  "abb_egm_msgs_DIR" to a directory containing one of the above files.  If
  "abb_egm_msgs" provides a separate development package or SDK, be sure it
  has been installed.
[36mCall Stack (most recent call first):[0m
  CMakeLists.txt:46 (find_package)

[0m
[36m--[0m Configuring incomplete, errors occurred!
See also "/Users/amoralesma/Documents/research/abb_driver_pci/build/abb_robot_cpp_utilities/CMakeFiles/CMakeOutput.log".
