Linked: (/Users/amoralesma/Documents/research/abb_driver_pci/devel/.private/abb_robot_msgs/include/abb_robot_msgs/SetRAPIDSymbol.h, /Users/amoralesma/Documents/research/abb_driver_pci/devel/include/abb_robot_msgs/SetRAPIDSymbol.h)
Linked: (/Users/amoralesma/Documents/research/abb_driver_pci/devel/.private/abb_robot_msgs/include/abb_robot_msgs/GetIOSignal.h, /Users/amoralesma/Documents/research/abb_driver_pci/devel/include/abb_robot_msgs/GetIOSignal.h)
Linked: (/Users/amoralesma/Documents/research/abb_driver_pci/devel/.private/abb_robot_msgs/include/abb_robot_msgs/GetRAPIDStringRequest.h, /Users/amoralesma/Documents/research/abb_driver_pci/devel/include/abb_robot_msgs/GetRAPIDStringRequest.h)
Linked: (/Users/amoralesma/Documents/research/abb_driver_pci/devel/.private/abb_robot_msgs/include/abb_robot_msgs/SetFileContentsRequest.h, /Users/amoralesma/Documents/research/abb_driver_pci/devel/include/abb_robot_msgs/SetFileContentsRequest.h)
Linked: (/Users/amoralesma/Documents/research/abb_driver_pci/devel/.private/abb_robot_msgs/include/abb_robot_msgs/GetFileContentsResponse.h, /Users/amoralesma/Documents/research/abb_driver_pci/devel/include/abb_robot_msgs/GetFileContentsResponse.h)
Linked: (/Users/amoralesma/Documents/research/abb_driver_pci/devel/.private/abb_robot_msgs/include/abb_robot_msgs/GetRAPIDString.h, /Users/amoralesma/Documents/research/abb_driver_pci/devel/include/abb_robot_msgs/GetRAPIDString.h)
Linked: (/Users/amoralesma/Documents/research/abb_driver_pci/devel/.private/abb_robot_msgs/include/abb_robot_msgs/SetSpeedRatio.h, /Users/amoralesma/Documents/research/abb_driver_pci/devel/include/abb_robot_msgs/SetSpeedRatio.h)
Linked: (/Users/amoralesma/Documents/research/abb_driver_pci/devel/.private/abb_robot_msgs/include/abb_robot_msgs/SetRAPIDSymbolRequest.h, /Users/amoralesma/Documents/research/abb_driver_pci/devel/include/abb_robot_msgs/SetRAPIDSymbolRequest.h)
Linked: (/Users/amoralesma/Documents/research/abb_driver_pci/devel/.private/abb_robot_msgs/include/abb_robot_msgs/RAPIDTaskState.h, /Users/amoralesma/Documents/research/abb_driver_pci/devel/include/abb_robot_msgs/RAPIDTaskState.h)
Linked: (/Users/amoralesma/Documents/research/abb_driver_pci/devel/.private/abb_robot_msgs/include/abb_robot_msgs/TriggerWithResultCodeRequest.h, /Users/amoralesma/Documents/research/abb_driver_pci/devel/include/abb_robot_msgs/TriggerWithResultCodeRequest.h)
Linked: (/Users/amoralesma/Documents/research/abb_driver_pci/devel/.private/abb_robot_msgs/include/abb_robot_msgs/TriggerWithResultCodeResponse.h, /Users/amoralesma/Documents/research/abb_driver_pci/devel/include/abb_robot_msgs/TriggerWithResultCodeResponse.h)
Linked: (/Users/amoralesma/Documents/research/abb_driver_pci/devel/.private/abb_robot_msgs/include/abb_robot_msgs/TriggerWithResultCode.h, /Users/amoralesma/Documents/research/abb_driver_pci/devel/include/abb_robot_msgs/TriggerWithResultCode.h)
Linked: (/Users/amoralesma/Documents/research/abb_driver_pci/devel/.private/abb_robot_msgs/include/abb_robot_msgs/GetIOSignalResponse.h, /Users/amoralesma/Documents/research/abb_driver_pci/devel/include/abb_robot_msgs/GetIOSignalResponse.h)
Linked: (/Users/amoralesma/Documents/research/abb_driver_pci/devel/.private/abb_robot_msgs/include/abb_robot_msgs/GetRAPIDSymbolResponse.h, /Users/amoralesma/Documents/research/abb_driver_pci/devel/include/abb_robot_msgs/GetRAPIDSymbolResponse.h)
Linked: (/Users/amoralesma/Documents/research/abb_driver_pci/devel/.private/abb_robot_msgs/include/abb_robot_msgs/GetRobotControllerDescriptionResponse.h, /Users/amoralesma/Documents/research/abb_driver_pci/devel/include/abb_robot_msgs/GetRobotControllerDescriptionResponse.h)
Linked: (/Users/amoralesma/Documents/research/abb_driver_pci/devel/.private/abb_robot_msgs/include/abb_robot_msgs/GetRAPIDNum.h, /Users/amoralesma/Documents/research/abb_driver_pci/devel/include/abb_robot_msgs/GetRAPIDNum.h)
Linked: (/Users/amoralesma/Documents/research/abb_driver_pci/devel/.private/abb_robot_msgs/include/abb_robot_msgs/SystemState.h, /Users/amoralesma/Documents/research/abb_driver_pci/devel/include/abb_robot_msgs/SystemState.h)
Linked: (/Users/amoralesma/Documents/research/abb_driver_pci/devel/.private/abb_robot_msgs/include/abb_robot_msgs/SetIOSignalResponse.h, /Users/amoralesma/Documents/research/abb_driver_pci/devel/include/abb_robot_msgs/SetIOSignalResponse.h)
Linked: (/Users/amoralesma/Documents/research/abb_driver_pci/devel/.private/abb_robot_msgs/include/abb_robot_msgs/GetRobotControllerDescription.h, /Users/amoralesma/Documents/research/abb_driver_pci/devel/include/abb_robot_msgs/GetRobotControllerDescription.h)
Linked: (/Users/amoralesma/Documents/research/abb_driver_pci/devel/.private/abb_robot_msgs/include/abb_robot_msgs/GetRobotControllerDescriptionRequest.h, /Users/amoralesma/Documents/research/abb_driver_pci/devel/include/abb_robot_msgs/GetRobotControllerDescriptionRequest.h)
Linked: (/Users/amoralesma/Documents/research/abb_driver_pci/devel/.private/abb_robot_msgs/include/abb_robot_msgs/GetSpeedRatioResponse.h, /Users/amoralesma/Documents/research/abb_driver_pci/devel/include/abb_robot_msgs/GetSpeedRatioResponse.h)
Linked: (/Users/amoralesma/Documents/research/abb_driver_pci/devel/.private/abb_robot_msgs/include/abb_robot_msgs/GetRAPIDStringResponse.h, /Users/amoralesma/Documents/research/abb_driver_pci/devel/include/abb_robot_msgs/GetRAPIDStringResponse.h)
Linked: (/Users/amoralesma/Documents/research/abb_driver_pci/devel/.private/abb_robot_msgs/include/abb_robot_msgs/SetRAPIDNumRequest.h, /Users/amoralesma/Documents/research/abb_driver_pci/devel/include/abb_robot_msgs/SetRAPIDNumRequest.h)
Linked: (/Users/amoralesma/Documents/research/abb_driver_pci/devel/.private/abb_robot_msgs/include/abb_robot_msgs/SetRAPIDNumResponse.h, /Users/amoralesma/Documents/research/abb_driver_pci/devel/include/abb_robot_msgs/SetRAPIDNumResponse.h)
Linked: (/Users/amoralesma/Documents/research/abb_driver_pci/devel/.private/abb_robot_msgs/include/abb_robot_msgs/GetRAPIDDnumRequest.h, /Users/amoralesma/Documents/research/abb_driver_pci/devel/include/abb_robot_msgs/GetRAPIDDnumRequest.h)
Linked: (/Users/amoralesma/Documents/research/abb_driver_pci/devel/.private/abb_robot_msgs/include/abb_robot_msgs/ServiceResponses.h, /Users/amoralesma/Documents/research/abb_driver_pci/devel/include/abb_robot_msgs/ServiceResponses.h)
Linked: (/Users/amoralesma/Documents/research/abb_driver_pci/devel/.private/abb_robot_msgs/include/abb_robot_msgs/GetFileContentsRequest.h, /Users/amoralesma/Documents/research/abb_driver_pci/devel/include/abb_robot_msgs/GetFileContentsRequest.h)
Linked: (/Users/amoralesma/Documents/research/abb_driver_pci/devel/.private/abb_robot_msgs/include/abb_robot_msgs/GetRAPIDBoolResponse.h, /Users/amoralesma/Documents/research/abb_driver_pci/devel/include/abb_robot_msgs/GetRAPIDBoolResponse.h)
Linked: (/Users/amoralesma/Documents/research/abb_driver_pci/devel/.private/abb_robot_msgs/include/abb_robot_msgs/SetFileContents.h, /Users/amoralesma/Documents/research/abb_driver_pci/devel/include/abb_robot_msgs/SetFileContents.h)
Linked: (/Users/amoralesma/Documents/research/abb_driver_pci/devel/.private/abb_robot_msgs/include/abb_robot_msgs/GetRAPIDNumResponse.h, /Users/amoralesma/Documents/research/abb_driver_pci/devel/include/abb_robot_msgs/GetRAPIDNumResponse.h)
Linked: (/Users/amoralesma/Documents/research/abb_driver_pci/devel/.private/abb_robot_msgs/include/abb_robot_msgs/SetFileContentsResponse.h, /Users/amoralesma/Documents/research/abb_driver_pci/devel/include/abb_robot_msgs/SetFileContentsResponse.h)
Linked: (/Users/amoralesma/Documents/research/abb_driver_pci/devel/.private/abb_robot_msgs/include/abb_robot_msgs/SetRAPIDDnumRequest.h, /Users/amoralesma/Documents/research/abb_driver_pci/devel/include/abb_robot_msgs/SetRAPIDDnumRequest.h)
Linked: (/Users/amoralesma/Documents/research/abb_driver_pci/devel/.private/abb_robot_msgs/include/abb_robot_msgs/SetRAPIDBoolResponse.h, /Users/amoralesma/Documents/research/abb_driver_pci/devel/include/abb_robot_msgs/SetRAPIDBoolResponse.h)
Linked: (/Users/amoralesma/Documents/research/abb_driver_pci/devel/.private/abb_robot_msgs/include/abb_robot_msgs/SetRAPIDNum.h, /Users/amoralesma/Documents/research/abb_driver_pci/devel/include/abb_robot_msgs/SetRAPIDNum.h)
Linked: (/Users/amoralesma/Documents/research/abb_driver_pci/devel/.private/abb_robot_msgs/include/abb_robot_msgs/SetSpeedRatioResponse.h, /Users/amoralesma/Documents/research/abb_driver_pci/devel/include/abb_robot_msgs/SetSpeedRatioResponse.h)
Linked: (/Users/amoralesma/Documents/research/abb_driver_pci/devel/.private/abb_robot_msgs/include/abb_robot_msgs/SetRAPIDBool.h, /Users/amoralesma/Documents/research/abb_driver_pci/devel/include/abb_robot_msgs/SetRAPIDBool.h)
Linked: (/Users/amoralesma/Documents/research/abb_driver_pci/devel/.private/abb_robot_msgs/include/abb_robot_msgs/GetRAPIDDnum.h, /Users/amoralesma/Documents/research/abb_driver_pci/devel/include/abb_robot_msgs/GetRAPIDDnum.h)
Linked: (/Users/amoralesma/Documents/research/abb_driver_pci/devel/.private/abb_robot_msgs/include/abb_robot_msgs/GetRAPIDNumRequest.h, /Users/amoralesma/Documents/research/abb_driver_pci/devel/include/abb_robot_msgs/GetRAPIDNumRequest.h)
Linked: (/Users/amoralesma/Documents/research/abb_driver_pci/devel/.private/abb_robot_msgs/include/abb_robot_msgs/SetRAPIDStringResponse.h, /Users/amoralesma/Documents/research/abb_driver_pci/devel/include/abb_robot_msgs/SetRAPIDStringResponse.h)
Linked: (/Users/amoralesma/Documents/research/abb_driver_pci/devel/.private/abb_robot_msgs/include/abb_robot_msgs/SetIOSignal.h, /Users/amoralesma/Documents/research/abb_driver_pci/devel/include/abb_robot_msgs/SetIOSignal.h)
Linked: (/Users/amoralesma/Documents/research/abb_driver_pci/devel/.private/abb_robot_msgs/include/abb_robot_msgs/GetRAPIDDnumResponse.h, /Users/amoralesma/Documents/research/abb_driver_pci/devel/include/abb_robot_msgs/GetRAPIDDnumResponse.h)
Linked: (/Users/amoralesma/Documents/research/abb_driver_pci/devel/.private/abb_robot_msgs/include/abb_robot_msgs/SetRAPIDStringRequest.h, /Users/amoralesma/Documents/research/abb_driver_pci/devel/include/abb_robot_msgs/SetRAPIDStringRequest.h)
Linked: (/Users/amoralesma/Documents/research/abb_driver_pci/devel/.private/abb_robot_msgs/include/abb_robot_msgs/SetRAPIDBoolRequest.h, /Users/amoralesma/Documents/research/abb_driver_pci/devel/include/abb_robot_msgs/SetRAPIDBoolRequest.h)
Linked: (/Users/amoralesma/Documents/research/abb_driver_pci/devel/.private/abb_robot_msgs/include/abb_robot_msgs/SetIOSignalRequest.h, /Users/amoralesma/Documents/research/abb_driver_pci/devel/include/abb_robot_msgs/SetIOSignalRequest.h)
Linked: (/Users/amoralesma/Documents/research/abb_driver_pci/devel/.private/abb_robot_msgs/include/abb_robot_msgs/GetSpeedRatio.h, /Users/amoralesma/Documents/research/abb_driver_pci/devel/include/abb_robot_msgs/GetSpeedRatio.h)
Linked: (/Users/amoralesma/Documents/research/abb_driver_pci/devel/.private/abb_robot_msgs/include/abb_robot_msgs/SetRAPIDString.h, /Users/amoralesma/Documents/research/abb_driver_pci/devel/include/abb_robot_msgs/SetRAPIDString.h)
Linked: (/Users/amoralesma/Documents/research/abb_driver_pci/devel/.private/abb_robot_msgs/include/abb_robot_msgs/SetSpeedRatioRequest.h, /Users/amoralesma/Documents/research/abb_driver_pci/devel/include/abb_robot_msgs/SetSpeedRatioRequest.h)
Linked: (/Users/amoralesma/Documents/research/abb_driver_pci/devel/.private/abb_robot_msgs/include/abb_robot_msgs/SetRAPIDSymbolResponse.h, /Users/amoralesma/Documents/research/abb_driver_pci/devel/include/abb_robot_msgs/SetRAPIDSymbolResponse.h)
Linked: (/Users/amoralesma/Documents/research/abb_driver_pci/devel/.private/abb_robot_msgs/include/abb_robot_msgs/GetRAPIDSymbol.h, /Users/amoralesma/Documents/research/abb_driver_pci/devel/include/abb_robot_msgs/GetRAPIDSymbol.h)
Linked: (/Users/amoralesma/Documents/research/abb_driver_pci/devel/.private/abb_robot_msgs/include/abb_robot_msgs/GetIOSignalRequest.h, /Users/amoralesma/Documents/research/abb_driver_pci/devel/include/abb_robot_msgs/GetIOSignalRequest.h)
Linked: (/Users/amoralesma/Documents/research/abb_driver_pci/devel/.private/abb_robot_msgs/include/abb_robot_msgs/MechanicalUnitState.h, /Users/amoralesma/Documents/research/abb_driver_pci/devel/include/abb_robot_msgs/MechanicalUnitState.h)
Linked: (/Users/amoralesma/Documents/research/abb_driver_pci/devel/.private/abb_robot_msgs/include/abb_robot_msgs/GetSpeedRatioRequest.h, /Users/amoralesma/Documents/research/abb_driver_pci/devel/include/abb_robot_msgs/GetSpeedRatioRequest.h)
Linked: (/Users/amoralesma/Documents/research/abb_driver_pci/devel/.private/abb_robot_msgs/include/abb_robot_msgs/GetRAPIDSymbolRequest.h, /Users/amoralesma/Documents/research/abb_driver_pci/devel/include/abb_robot_msgs/GetRAPIDSymbolRequest.h)
Linked: (/Users/amoralesma/Documents/research/abb_driver_pci/devel/.private/abb_robot_msgs/include/abb_robot_msgs/GetFileContents.h, /Users/amoralesma/Documents/research/abb_driver_pci/devel/include/abb_robot_msgs/GetFileContents.h)
Linked: (/Users/amoralesma/Documents/research/abb_driver_pci/devel/.private/abb_robot_msgs/include/abb_robot_msgs/GetRAPIDBoolRequest.h, /Users/amoralesma/Documents/research/abb_driver_pci/devel/include/abb_robot_msgs/GetRAPIDBoolRequest.h)
Linked: (/Users/amoralesma/Documents/research/abb_driver_pci/devel/.private/abb_robot_msgs/include/abb_robot_msgs/SetRAPIDDnum.h, /Users/amoralesma/Documents/research/abb_driver_pci/devel/include/abb_robot_msgs/SetRAPIDDnum.h)
Linked: (/Users/amoralesma/Documents/research/abb_driver_pci/devel/.private/abb_robot_msgs/include/abb_robot_msgs/GetRAPIDBool.h, /Users/amoralesma/Documents/research/abb_driver_pci/devel/include/abb_robot_msgs/GetRAPIDBool.h)
Linked: (/Users/amoralesma/Documents/research/abb_driver_pci/devel/.private/abb_robot_msgs/include/abb_robot_msgs/RAPIDSymbolPath.h, /Users/amoralesma/Documents/research/abb_driver_pci/devel/include/abb_robot_msgs/RAPIDSymbolPath.h)
Linked: (/Users/amoralesma/Documents/research/abb_driver_pci/devel/.private/abb_robot_msgs/include/abb_robot_msgs/SetRAPIDDnumResponse.h, /Users/amoralesma/Documents/research/abb_driver_pci/devel/include/abb_robot_msgs/SetRAPIDDnumResponse.h)
Linked: (/Users/amoralesma/Documents/research/abb_driver_pci/devel/.private/abb_robot_msgs/lib/pkgconfig/abb_robot_msgs.pc, /Users/amoralesma/Documents/research/abb_driver_pci/devel/lib/pkgconfig/abb_robot_msgs.pc)
Linked: (/Users/amoralesma/Documents/research/abb_driver_pci/devel/.private/abb_robot_msgs/lib/python3.9/site-packages/abb_robot_msgs/__init__.py, /Users/amoralesma/Documents/research/abb_driver_pci/devel/lib/python3.9/site-packages/abb_robot_msgs/__init__.py)
Linked: (/Users/amoralesma/Documents/research/abb_driver_pci/devel/.private/abb_robot_msgs/lib/python3.9/site-packages/abb_robot_msgs/msg/_RAPIDSymbolPath.py, /Users/amoralesma/Documents/research/abb_driver_pci/devel/lib/python3.9/site-packages/abb_robot_msgs/msg/_RAPIDSymbolPath.py)
Linked: (/Users/amoralesma/Documents/research/abb_driver_pci/devel/.private/abb_robot_msgs/lib/python3.9/site-packages/abb_robot_msgs/msg/_ServiceResponses.py, /Users/amoralesma/Documents/research/abb_driver_pci/devel/lib/python3.9/site-packages/abb_robot_msgs/msg/_ServiceResponses.py)
Linked: (/Users/amoralesma/Documents/research/abb_driver_pci/devel/.private/abb_robot_msgs/lib/python3.9/site-packages/abb_robot_msgs/msg/__init__.py, /Users/amoralesma/Documents/research/abb_driver_pci/devel/lib/python3.9/site-packages/abb_robot_msgs/msg/__init__.py)
Linked: (/Users/amoralesma/Documents/research/abb_driver_pci/devel/.private/abb_robot_msgs/lib/python3.9/site-packages/abb_robot_msgs/msg/_RAPIDTaskState.py, /Users/amoralesma/Documents/research/abb_driver_pci/devel/lib/python3.9/site-packages/abb_robot_msgs/msg/_RAPIDTaskState.py)
Linked: (/Users/amoralesma/Documents/research/abb_driver_pci/devel/.private/abb_robot_msgs/lib/python3.9/site-packages/abb_robot_msgs/msg/_MechanicalUnitState.py, /Users/amoralesma/Documents/research/abb_driver_pci/devel/lib/python3.9/site-packages/abb_robot_msgs/msg/_MechanicalUnitState.py)
Linked: (/Users/amoralesma/Documents/research/abb_driver_pci/devel/.private/abb_robot_msgs/lib/python3.9/site-packages/abb_robot_msgs/msg/_SystemState.py, /Users/amoralesma/Documents/research/abb_driver_pci/devel/lib/python3.9/site-packages/abb_robot_msgs/msg/_SystemState.py)
Linked: (/Users/amoralesma/Documents/research/abb_driver_pci/devel/.private/abb_robot_msgs/lib/python3.9/site-packages/abb_robot_msgs/srv/_SetFileContents.py, /Users/amoralesma/Documents/research/abb_driver_pci/devel/lib/python3.9/site-packages/abb_robot_msgs/srv/_SetFileContents.py)
Linked: (/Users/amoralesma/Documents/research/abb_driver_pci/devel/.private/abb_robot_msgs/lib/python3.9/site-packages/abb_robot_msgs/srv/_GetFileContents.py, /Users/amoralesma/Documents/research/abb_driver_pci/devel/lib/python3.9/site-packages/abb_robot_msgs/srv/_GetFileContents.py)
Linked: (/Users/amoralesma/Documents/research/abb_driver_pci/devel/.private/abb_robot_msgs/lib/python3.9/site-packages/abb_robot_msgs/srv/_SetRAPIDString.py, /Users/amoralesma/Documents/research/abb_driver_pci/devel/lib/python3.9/site-packages/abb_robot_msgs/srv/_SetRAPIDString.py)
Linked: (/Users/amoralesma/Documents/research/abb_driver_pci/devel/.private/abb_robot_msgs/lib/python3.9/site-packages/abb_robot_msgs/srv/_GetRobotControllerDescription.py, /Users/amoralesma/Documents/research/abb_driver_pci/devel/lib/python3.9/site-packages/abb_robot_msgs/srv/_GetRobotControllerDescription.py)
Linked: (/Users/amoralesma/Documents/research/abb_driver_pci/devel/.private/abb_robot_msgs/lib/python3.9/site-packages/abb_robot_msgs/srv/_GetRAPIDBool.py, /Users/amoralesma/Documents/research/abb_driver_pci/devel/lib/python3.9/site-packages/abb_robot_msgs/srv/_GetRAPIDBool.py)
Linked: (/Users/amoralesma/Documents/research/abb_driver_pci/devel/.private/abb_robot_msgs/lib/python3.9/site-packages/abb_robot_msgs/srv/_SetSpeedRatio.py, /Users/amoralesma/Documents/research/abb_driver_pci/devel/lib/python3.9/site-packages/abb_robot_msgs/srv/_SetSpeedRatio.py)
Linked: (/Users/amoralesma/Documents/research/abb_driver_pci/devel/.private/abb_robot_msgs/lib/python3.9/site-packages/abb_robot_msgs/srv/__init__.py, /Users/amoralesma/Documents/research/abb_driver_pci/devel/lib/python3.9/site-packages/abb_robot_msgs/srv/__init__.py)
Linked: (/Users/amoralesma/Documents/research/abb_driver_pci/devel/.private/abb_robot_msgs/lib/python3.9/site-packages/abb_robot_msgs/srv/_GetRAPIDString.py, /Users/amoralesma/Documents/research/abb_driver_pci/devel/lib/python3.9/site-packages/abb_robot_msgs/srv/_GetRAPIDString.py)
Linked: (/Users/amoralesma/Documents/research/abb_driver_pci/devel/.private/abb_robot_msgs/lib/python3.9/site-packages/abb_robot_msgs/srv/_SetRAPIDDnum.py, /Users/amoralesma/Documents/research/abb_driver_pci/devel/lib/python3.9/site-packages/abb_robot_msgs/srv/_SetRAPIDDnum.py)
Linked: (/Users/amoralesma/Documents/research/abb_driver_pci/devel/.private/abb_robot_msgs/lib/python3.9/site-packages/abb_robot_msgs/srv/_SetIOSignal.py, /Users/amoralesma/Documents/research/abb_driver_pci/devel/lib/python3.9/site-packages/abb_robot_msgs/srv/_SetIOSignal.py)
Linked: (/Users/amoralesma/Documents/research/abb_driver_pci/devel/.private/abb_robot_msgs/lib/python3.9/site-packages/abb_robot_msgs/srv/_GetRAPIDDnum.py, /Users/amoralesma/Documents/research/abb_driver_pci/devel/lib/python3.9/site-packages/abb_robot_msgs/srv/_GetRAPIDDnum.py)
Linked: (/Users/amoralesma/Documents/research/abb_driver_pci/devel/.private/abb_robot_msgs/lib/python3.9/site-packages/abb_robot_msgs/srv/_GetSpeedRatio.py, /Users/amoralesma/Documents/research/abb_driver_pci/devel/lib/python3.9/site-packages/abb_robot_msgs/srv/_GetSpeedRatio.py)
Linked: (/Users/amoralesma/Documents/research/abb_driver_pci/devel/.private/abb_robot_msgs/lib/python3.9/site-packages/abb_robot_msgs/srv/_SetRAPIDNum.py, /Users/amoralesma/Documents/research/abb_driver_pci/devel/lib/python3.9/site-packages/abb_robot_msgs/srv/_SetRAPIDNum.py)
Linked: (/Users/amoralesma/Documents/research/abb_driver_pci/devel/.private/abb_robot_msgs/lib/python3.9/site-packages/abb_robot_msgs/srv/_SetRAPIDBool.py, /Users/amoralesma/Documents/research/abb_driver_pci/devel/lib/python3.9/site-packages/abb_robot_msgs/srv/_SetRAPIDBool.py)
Linked: (/Users/amoralesma/Documents/research/abb_driver_pci/devel/.private/abb_robot_msgs/lib/python3.9/site-packages/abb_robot_msgs/srv/_SetRAPIDSymbol.py, /Users/amoralesma/Documents/research/abb_driver_pci/devel/lib/python3.9/site-packages/abb_robot_msgs/srv/_SetRAPIDSymbol.py)
Linked: (/Users/amoralesma/Documents/research/abb_driver_pci/devel/.private/abb_robot_msgs/lib/python3.9/site-packages/abb_robot_msgs/srv/_TriggerWithResultCode.py, /Users/amoralesma/Documents/research/abb_driver_pci/devel/lib/python3.9/site-packages/abb_robot_msgs/srv/_TriggerWithResultCode.py)
Linked: (/Users/amoralesma/Documents/research/abb_driver_pci/devel/.private/abb_robot_msgs/lib/python3.9/site-packages/abb_robot_msgs/srv/_GetIOSignal.py, /Users/amoralesma/Documents/research/abb_driver_pci/devel/lib/python3.9/site-packages/abb_robot_msgs/srv/_GetIOSignal.py)
Linked: (/Users/amoralesma/Documents/research/abb_driver_pci/devel/.private/abb_robot_msgs/lib/python3.9/site-packages/abb_robot_msgs/srv/_GetRAPIDSymbol.py, /Users/amoralesma/Documents/research/abb_driver_pci/devel/lib/python3.9/site-packages/abb_robot_msgs/srv/_GetRAPIDSymbol.py)
Linked: (/Users/amoralesma/Documents/research/abb_driver_pci/devel/.private/abb_robot_msgs/lib/python3.9/site-packages/abb_robot_msgs/srv/_GetRAPIDNum.py, /Users/amoralesma/Documents/research/abb_driver_pci/devel/lib/python3.9/site-packages/abb_robot_msgs/srv/_GetRAPIDNum.py)
Linked: (/Users/amoralesma/Documents/research/abb_driver_pci/devel/.private/abb_robot_msgs/share/roseus/ros/abb_robot_msgs/manifest.l, /Users/amoralesma/Documents/research/abb_driver_pci/devel/share/roseus/ros/abb_robot_msgs/manifest.l)
Linked: (/Users/amoralesma/Documents/research/abb_driver_pci/devel/.private/abb_robot_msgs/share/roseus/ros/abb_robot_msgs/msg/ServiceResponses.l, /Users/amoralesma/Documents/research/abb_driver_pci/devel/share/roseus/ros/abb_robot_msgs/msg/ServiceResponses.l)
Linked: (/Users/amoralesma/Documents/research/abb_driver_pci/devel/.private/abb_robot_msgs/share/roseus/ros/abb_robot_msgs/msg/MechanicalUnitState.l, /Users/amoralesma/Documents/research/abb_driver_pci/devel/share/roseus/ros/abb_robot_msgs/msg/MechanicalUnitState.l)
Linked: (/Users/amoralesma/Documents/research/abb_driver_pci/devel/.private/abb_robot_msgs/share/roseus/ros/abb_robot_msgs/msg/RAPIDSymbolPath.l, /Users/amoralesma/Documents/research/abb_driver_pci/devel/share/roseus/ros/abb_robot_msgs/msg/RAPIDSymbolPath.l)
Linked: (/Users/amoralesma/Documents/research/abb_driver_pci/devel/.private/abb_robot_msgs/share/roseus/ros/abb_robot_msgs/msg/RAPIDTaskState.l, /Users/amoralesma/Documents/research/abb_driver_pci/devel/share/roseus/ros/abb_robot_msgs/msg/RAPIDTaskState.l)
Linked: (/Users/amoralesma/Documents/research/abb_driver_pci/devel/.private/abb_robot_msgs/share/roseus/ros/abb_robot_msgs/msg/SystemState.l, /Users/amoralesma/Documents/research/abb_driver_pci/devel/share/roseus/ros/abb_robot_msgs/msg/SystemState.l)
Linked: (/Users/amoralesma/Documents/research/abb_driver_pci/devel/.private/abb_robot_msgs/share/roseus/ros/abb_robot_msgs/srv/SetFileContents.l, /Users/amoralesma/Documents/research/abb_driver_pci/devel/share/roseus/ros/abb_robot_msgs/srv/SetFileContents.l)
Linked: (/Users/amoralesma/Documents/research/abb_driver_pci/devel/.private/abb_robot_msgs/share/roseus/ros/abb_robot_msgs/srv/SetRAPIDBool.l, /Users/amoralesma/Documents/research/abb_driver_pci/devel/share/roseus/ros/abb_robot_msgs/srv/SetRAPIDBool.l)
Linked: (/Users/amoralesma/Documents/research/abb_driver_pci/devel/.private/abb_robot_msgs/share/roseus/ros/abb_robot_msgs/srv/GetRAPIDDnum.l, /Users/amoralesma/Documents/research/abb_driver_pci/devel/share/roseus/ros/abb_robot_msgs/srv/GetRAPIDDnum.l)
Linked: (/Users/amoralesma/Documents/research/abb_driver_pci/devel/.private/abb_robot_msgs/share/roseus/ros/abb_robot_msgs/srv/SetRAPIDNum.l, /Users/amoralesma/Documents/research/abb_driver_pci/devel/share/roseus/ros/abb_robot_msgs/srv/SetRAPIDNum.l)
Linked: (/Users/amoralesma/Documents/research/abb_driver_pci/devel/.private/abb_robot_msgs/share/roseus/ros/abb_robot_msgs/srv/SetIOSignal.l, /Users/amoralesma/Documents/research/abb_driver_pci/devel/share/roseus/ros/abb_robot_msgs/srv/SetIOSignal.l)
Linked: (/Users/amoralesma/Documents/research/abb_driver_pci/devel/.private/abb_robot_msgs/share/roseus/ros/abb_robot_msgs/srv/GetSpeedRatio.l, /Users/amoralesma/Documents/research/abb_driver_pci/devel/share/roseus/ros/abb_robot_msgs/srv/GetSpeedRatio.l)
Linked: (/Users/amoralesma/Documents/research/abb_driver_pci/devel/.private/abb_robot_msgs/share/roseus/ros/abb_robot_msgs/srv/SetRAPIDString.l, /Users/amoralesma/Documents/research/abb_driver_pci/devel/share/roseus/ros/abb_robot_msgs/srv/SetRAPIDString.l)
Linked: (/Users/amoralesma/Documents/research/abb_driver_pci/devel/.private/abb_robot_msgs/share/roseus/ros/abb_robot_msgs/srv/GetRAPIDSymbol.l, /Users/amoralesma/Documents/research/abb_driver_pci/devel/share/roseus/ros/abb_robot_msgs/srv/GetRAPIDSymbol.l)
Linked: (/Users/amoralesma/Documents/research/abb_driver_pci/devel/.private/abb_robot_msgs/share/roseus/ros/abb_robot_msgs/srv/SetRAPIDDnum.l, /Users/amoralesma/Documents/research/abb_driver_pci/devel/share/roseus/ros/abb_robot_msgs/srv/SetRAPIDDnum.l)
Linked: (/Users/amoralesma/Documents/research/abb_driver_pci/devel/.private/abb_robot_msgs/share/roseus/ros/abb_robot_msgs/srv/GetRAPIDBool.l, /Users/amoralesma/Documents/research/abb_driver_pci/devel/share/roseus/ros/abb_robot_msgs/srv/GetRAPIDBool.l)
Linked: (/Users/amoralesma/Documents/research/abb_driver_pci/devel/.private/abb_robot_msgs/share/roseus/ros/abb_robot_msgs/srv/GetFileContents.l, /Users/amoralesma/Documents/research/abb_driver_pci/devel/share/roseus/ros/abb_robot_msgs/srv/GetFileContents.l)
Linked: (/Users/amoralesma/Documents/research/abb_driver_pci/devel/.private/abb_robot_msgs/share/roseus/ros/abb_robot_msgs/srv/GetIOSignal.l, /Users/amoralesma/Documents/research/abb_driver_pci/devel/share/roseus/ros/abb_robot_msgs/srv/GetIOSignal.l)
Linked: (/Users/amoralesma/Documents/research/abb_driver_pci/devel/.private/abb_robot_msgs/share/roseus/ros/abb_robot_msgs/srv/SetRAPIDSymbol.l, /Users/amoralesma/Documents/research/abb_driver_pci/devel/share/roseus/ros/abb_robot_msgs/srv/SetRAPIDSymbol.l)
Linked: (/Users/amoralesma/Documents/research/abb_driver_pci/devel/.private/abb_robot_msgs/share/roseus/ros/abb_robot_msgs/srv/GetRAPIDString.l, /Users/amoralesma/Documents/research/abb_driver_pci/devel/share/roseus/ros/abb_robot_msgs/srv/GetRAPIDString.l)
Linked: (/Users/amoralesma/Documents/research/abb_driver_pci/devel/.private/abb_robot_msgs/share/roseus/ros/abb_robot_msgs/srv/SetSpeedRatio.l, /Users/amoralesma/Documents/research/abb_driver_pci/devel/share/roseus/ros/abb_robot_msgs/srv/SetSpeedRatio.l)
Linked: (/Users/amoralesma/Documents/research/abb_driver_pci/devel/.private/abb_robot_msgs/share/roseus/ros/abb_robot_msgs/srv/TriggerWithResultCode.l, /Users/amoralesma/Documents/research/abb_driver_pci/devel/share/roseus/ros/abb_robot_msgs/srv/TriggerWithResultCode.l)
Linked: (/Users/amoralesma/Documents/research/abb_driver_pci/devel/.private/abb_robot_msgs/share/roseus/ros/abb_robot_msgs/srv/GetRAPIDNum.l, /Users/amoralesma/Documents/research/abb_driver_pci/devel/share/roseus/ros/abb_robot_msgs/srv/GetRAPIDNum.l)
Linked: (/Users/amoralesma/Documents/research/abb_driver_pci/devel/.private/abb_robot_msgs/share/roseus/ros/abb_robot_msgs/srv/GetRobotControllerDescription.l, /Users/amoralesma/Documents/research/abb_driver_pci/devel/share/roseus/ros/abb_robot_msgs/srv/GetRobotControllerDescription.l)
Linked: (/Users/amoralesma/Documents/research/abb_driver_pci/devel/.private/abb_robot_msgs/share/abb_robot_msgs/cmake/abb_robot_msgs-msg-paths.cmake, /Users/amoralesma/Documents/research/abb_driver_pci/devel/share/abb_robot_msgs/cmake/abb_robot_msgs-msg-paths.cmake)
Linked: (/Users/amoralesma/Documents/research/abb_driver_pci/devel/.private/abb_robot_msgs/share/abb_robot_msgs/cmake/abb_robot_msgsConfig-version.cmake, /Users/amoralesma/Documents/research/abb_driver_pci/devel/share/abb_robot_msgs/cmake/abb_robot_msgsConfig-version.cmake)
Linked: (/Users/amoralesma/Documents/research/abb_driver_pci/devel/.private/abb_robot_msgs/share/abb_robot_msgs/cmake/abb_robot_msgs-msg-extras.cmake, /Users/amoralesma/Documents/research/abb_driver_pci/devel/share/abb_robot_msgs/cmake/abb_robot_msgs-msg-extras.cmake)
Linked: (/Users/amoralesma/Documents/research/abb_driver_pci/devel/.private/abb_robot_msgs/share/abb_robot_msgs/cmake/abb_robot_msgsConfig.cmake, /Users/amoralesma/Documents/research/abb_driver_pci/devel/share/abb_robot_msgs/cmake/abb_robot_msgsConfig.cmake)
Linked: (/Users/amoralesma/Documents/research/abb_driver_pci/devel/.private/abb_robot_msgs/share/common-lisp/ros/abb_robot_msgs/msg/ServiceResponses.lisp, /Users/amoralesma/Documents/research/abb_driver_pci/devel/share/common-lisp/ros/abb_robot_msgs/msg/ServiceResponses.lisp)
Linked: (/Users/amoralesma/Documents/research/abb_driver_pci/devel/.private/abb_robot_msgs/share/common-lisp/ros/abb_robot_msgs/msg/_package_MechanicalUnitState.lisp, /Users/amoralesma/Documents/research/abb_driver_pci/devel/share/common-lisp/ros/abb_robot_msgs/msg/_package_MechanicalUnitState.lisp)
Linked: (/Users/amoralesma/Documents/research/abb_driver_pci/devel/.private/abb_robot_msgs/share/common-lisp/ros/abb_robot_msgs/msg/_package_SystemState.lisp, /Users/amoralesma/Documents/research/abb_driver_pci/devel/share/common-lisp/ros/abb_robot_msgs/msg/_package_SystemState.lisp)
Linked: (/Users/amoralesma/Documents/research/abb_driver_pci/devel/.private/abb_robot_msgs/share/common-lisp/ros/abb_robot_msgs/msg/_package_RAPIDTaskState.lisp, /Users/amoralesma/Documents/research/abb_driver_pci/devel/share/common-lisp/ros/abb_robot_msgs/msg/_package_RAPIDTaskState.lisp)
Linked: (/Users/amoralesma/Documents/research/abb_driver_pci/devel/.private/abb_robot_msgs/share/common-lisp/ros/abb_robot_msgs/msg/MechanicalUnitState.lisp, /Users/amoralesma/Documents/research/abb_driver_pci/devel/share/common-lisp/ros/abb_robot_msgs/msg/MechanicalUnitState.lisp)
Linked: (/Users/amoralesma/Documents/research/abb_driver_pci/devel/.private/abb_robot_msgs/share/common-lisp/ros/abb_robot_msgs/msg/abb_robot_msgs-msg.asd, /Users/amoralesma/Documents/research/abb_driver_pci/devel/share/common-lisp/ros/abb_robot_msgs/msg/abb_robot_msgs-msg.asd)
Linked: (/Users/amoralesma/Documents/research/abb_driver_pci/devel/.private/abb_robot_msgs/share/common-lisp/ros/abb_robot_msgs/msg/_package.lisp, /Users/amoralesma/Documents/research/abb_driver_pci/devel/share/common-lisp/ros/abb_robot_msgs/msg/_package.lisp)
Linked: (/Users/amoralesma/Documents/research/abb_driver_pci/devel/.private/abb_robot_msgs/share/common-lisp/ros/abb_robot_msgs/msg/_package_ServiceResponses.lisp, /Users/amoralesma/Documents/research/abb_driver_pci/devel/share/common-lisp/ros/abb_robot_msgs/msg/_package_ServiceResponses.lisp)
Linked: (/Users/amoralesma/Documents/research/abb_driver_pci/devel/.private/abb_robot_msgs/share/common-lisp/ros/abb_robot_msgs/msg/_package_RAPIDSymbolPath.lisp, /Users/amoralesma/Documents/research/abb_driver_pci/devel/share/common-lisp/ros/abb_robot_msgs/msg/_package_RAPIDSymbolPath.lisp)
Linked: (/Users/amoralesma/Documents/research/abb_driver_pci/devel/.private/abb_robot_msgs/share/common-lisp/ros/abb_robot_msgs/msg/RAPIDTaskState.lisp, /Users/amoralesma/Documents/research/abb_driver_pci/devel/share/common-lisp/ros/abb_robot_msgs/msg/RAPIDTaskState.lisp)
Linked: (/Users/amoralesma/Documents/research/abb_driver_pci/devel/.private/abb_robot_msgs/share/common-lisp/ros/abb_robot_msgs/msg/SystemState.lisp, /Users/amoralesma/Documents/research/abb_driver_pci/devel/share/common-lisp/ros/abb_robot_msgs/msg/SystemState.lisp)
Linked: (/Users/amoralesma/Documents/research/abb_driver_pci/devel/.private/abb_robot_msgs/share/common-lisp/ros/abb_robot_msgs/msg/RAPIDSymbolPath.lisp, /Users/amoralesma/Documents/research/abb_driver_pci/devel/share/common-lisp/ros/abb_robot_msgs/msg/RAPIDSymbolPath.lisp)
Linked: (/Users/amoralesma/Documents/research/abb_driver_pci/devel/.private/abb_robot_msgs/share/common-lisp/ros/abb_robot_msgs/srv/_package_SetRAPIDBool.lisp, /Users/amoralesma/Documents/research/abb_driver_pci/devel/share/common-lisp/ros/abb_robot_msgs/srv/_package_SetRAPIDBool.lisp)
Linked: (/Users/amoralesma/Documents/research/abb_driver_pci/devel/.private/abb_robot_msgs/share/common-lisp/ros/abb_robot_msgs/srv/_package_SetRAPIDString.lisp, /Users/amoralesma/Documents/research/abb_driver_pci/devel/share/common-lisp/ros/abb_robot_msgs/srv/_package_SetRAPIDString.lisp)
Linked: (/Users/amoralesma/Documents/research/abb_driver_pci/devel/.private/abb_robot_msgs/share/common-lisp/ros/abb_robot_msgs/srv/GetRAPIDBool.lisp, /Users/amoralesma/Documents/research/abb_driver_pci/devel/share/common-lisp/ros/abb_robot_msgs/srv/GetRAPIDBool.lisp)
Linked: (/Users/amoralesma/Documents/research/abb_driver_pci/devel/.private/abb_robot_msgs/share/common-lisp/ros/abb_robot_msgs/srv/GetRAPIDNum.lisp, /Users/amoralesma/Documents/research/abb_driver_pci/devel/share/common-lisp/ros/abb_robot_msgs/srv/GetRAPIDNum.lisp)
Linked: (/Users/amoralesma/Documents/research/abb_driver_pci/devel/.private/abb_robot_msgs/share/common-lisp/ros/abb_robot_msgs/srv/abb_robot_msgs-srv.asd, /Users/amoralesma/Documents/research/abb_driver_pci/devel/share/common-lisp/ros/abb_robot_msgs/srv/abb_robot_msgs-srv.asd)
Linked: (/Users/amoralesma/Documents/research/abb_driver_pci/devel/.private/abb_robot_msgs/share/common-lisp/ros/abb_robot_msgs/srv/TriggerWithResultCode.lisp, /Users/amoralesma/Documents/research/abb_driver_pci/devel/share/common-lisp/ros/abb_robot_msgs/srv/TriggerWithResultCode.lisp)
Linked: (/Users/amoralesma/Documents/research/abb_driver_pci/devel/.private/abb_robot_msgs/share/common-lisp/ros/abb_robot_msgs/srv/_package_GetRAPIDDnum.lisp, /Users/amoralesma/Documents/research/abb_driver_pci/devel/share/common-lisp/ros/abb_robot_msgs/srv/_package_GetRAPIDDnum.lisp)
Linked: (/Users/amoralesma/Documents/research/abb_driver_pci/devel/.private/abb_robot_msgs/share/common-lisp/ros/abb_robot_msgs/srv/GetRAPIDString.lisp, /Users/amoralesma/Documents/research/abb_driver_pci/devel/share/common-lisp/ros/abb_robot_msgs/srv/GetRAPIDString.lisp)
Linked: (/Users/amoralesma/Documents/research/abb_driver_pci/devel/.private/abb_robot_msgs/share/common-lisp/ros/abb_robot_msgs/srv/SetRAPIDDnum.lisp, /Users/amoralesma/Documents/research/abb_driver_pci/devel/share/common-lisp/ros/abb_robot_msgs/srv/SetRAPIDDnum.lisp)
Linked: (/Users/amoralesma/Documents/research/abb_driver_pci/devel/.private/abb_robot_msgs/share/common-lisp/ros/abb_robot_msgs/srv/_package_SetRAPIDNum.lisp, /Users/amoralesma/Documents/research/abb_driver_pci/devel/share/common-lisp/ros/abb_robot_msgs/srv/_package_SetRAPIDNum.lisp)
Linked: (/Users/amoralesma/Documents/research/abb_driver_pci/devel/.private/abb_robot_msgs/share/common-lisp/ros/abb_robot_msgs/srv/_package_GetRAPIDSymbol.lisp, /Users/amoralesma/Documents/research/abb_driver_pci/devel/share/common-lisp/ros/abb_robot_msgs/srv/_package_GetRAPIDSymbol.lisp)
Linked: (/Users/amoralesma/Documents/research/abb_driver_pci/devel/.private/abb_robot_msgs/share/common-lisp/ros/abb_robot_msgs/srv/SetFileContents.lisp, /Users/amoralesma/Documents/research/abb_driver_pci/devel/share/common-lisp/ros/abb_robot_msgs/srv/SetFileContents.lisp)
Linked: (/Users/amoralesma/Documents/research/abb_driver_pci/devel/.private/abb_robot_msgs/share/common-lisp/ros/abb_robot_msgs/srv/GetRAPIDDnum.lisp, /Users/amoralesma/Documents/research/abb_driver_pci/devel/share/common-lisp/ros/abb_robot_msgs/srv/GetRAPIDDnum.lisp)
Linked: (/Users/amoralesma/Documents/research/abb_driver_pci/devel/.private/abb_robot_msgs/share/common-lisp/ros/abb_robot_msgs/srv/_package_SetIOSignal.lisp, /Users/amoralesma/Documents/research/abb_driver_pci/devel/share/common-lisp/ros/abb_robot_msgs/srv/_package_SetIOSignal.lisp)
Linked: (/Users/amoralesma/Documents/research/abb_driver_pci/devel/.private/abb_robot_msgs/share/common-lisp/ros/abb_robot_msgs/srv/_package_GetFileContents.lisp, /Users/amoralesma/Documents/research/abb_driver_pci/devel/share/common-lisp/ros/abb_robot_msgs/srv/_package_GetFileContents.lisp)
Linked: (/Users/amoralesma/Documents/research/abb_driver_pci/devel/.private/abb_robot_msgs/share/common-lisp/ros/abb_robot_msgs/srv/_package_SetRAPIDDnum.lisp, /Users/amoralesma/Documents/research/abb_driver_pci/devel/share/common-lisp/ros/abb_robot_msgs/srv/_package_SetRAPIDDnum.lisp)
Linked: (/Users/amoralesma/Documents/research/abb_driver_pci/devel/.private/abb_robot_msgs/share/common-lisp/ros/abb_robot_msgs/srv/SetRAPIDBool.lisp, /Users/amoralesma/Documents/research/abb_driver_pci/devel/share/common-lisp/ros/abb_robot_msgs/srv/SetRAPIDBool.lisp)
Linked: (/Users/amoralesma/Documents/research/abb_driver_pci/devel/.private/abb_robot_msgs/share/common-lisp/ros/abb_robot_msgs/srv/_package_SetFileContents.lisp, /Users/amoralesma/Documents/research/abb_driver_pci/devel/share/common-lisp/ros/abb_robot_msgs/srv/_package_SetFileContents.lisp)
Linked: (/Users/amoralesma/Documents/research/abb_driver_pci/devel/.private/abb_robot_msgs/share/common-lisp/ros/abb_robot_msgs/srv/SetSpeedRatio.lisp, /Users/amoralesma/Documents/research/abb_driver_pci/devel/share/common-lisp/ros/abb_robot_msgs/srv/SetSpeedRatio.lisp)
Linked: (/Users/amoralesma/Documents/research/abb_driver_pci/devel/.private/abb_robot_msgs/share/common-lisp/ros/abb_robot_msgs/srv/GetSpeedRatio.lisp, /Users/amoralesma/Documents/research/abb_driver_pci/devel/share/common-lisp/ros/abb_robot_msgs/srv/GetSpeedRatio.lisp)
Linked: (/Users/amoralesma/Documents/research/abb_driver_pci/devel/.private/abb_robot_msgs/share/common-lisp/ros/abb_robot_msgs/srv/_package_GetRAPIDBool.lisp, /Users/amoralesma/Documents/research/abb_driver_pci/devel/share/common-lisp/ros/abb_robot_msgs/srv/_package_GetRAPIDBool.lisp)
Linked: (/Users/amoralesma/Documents/research/abb_driver_pci/devel/.private/abb_robot_msgs/share/common-lisp/ros/abb_robot_msgs/srv/GetFileContents.lisp, /Users/amoralesma/Documents/research/abb_driver_pci/devel/share/common-lisp/ros/abb_robot_msgs/srv/GetFileContents.lisp)
Linked: (/Users/amoralesma/Documents/research/abb_driver_pci/devel/.private/abb_robot_msgs/share/common-lisp/ros/abb_robot_msgs/srv/SetRAPIDSymbol.lisp, /Users/amoralesma/Documents/research/abb_driver_pci/devel/share/common-lisp/ros/abb_robot_msgs/srv/SetRAPIDSymbol.lisp)
Linked: (/Users/amoralesma/Documents/research/abb_driver_pci/devel/.private/abb_robot_msgs/share/common-lisp/ros/abb_robot_msgs/srv/_package.lisp, /Users/amoralesma/Documents/research/abb_driver_pci/devel/share/common-lisp/ros/abb_robot_msgs/srv/_package.lisp)
Linked: (/Users/amoralesma/Documents/research/abb_driver_pci/devel/.private/abb_robot_msgs/share/common-lisp/ros/abb_robot_msgs/srv/GetIOSignal.lisp, /Users/amoralesma/Documents/research/abb_driver_pci/devel/share/common-lisp/ros/abb_robot_msgs/srv/GetIOSignal.lisp)
Linked: (/Users/amoralesma/Documents/research/abb_driver_pci/devel/.private/abb_robot_msgs/share/common-lisp/ros/abb_robot_msgs/srv/_package_TriggerWithResultCode.lisp, /Users/amoralesma/Documents/research/abb_driver_pci/devel/share/common-lisp/ros/abb_robot_msgs/srv/_package_TriggerWithResultCode.lisp)
Linked: (/Users/amoralesma/Documents/research/abb_driver_pci/devel/.private/abb_robot_msgs/share/common-lisp/ros/abb_robot_msgs/srv/SetIOSignal.lisp, /Users/amoralesma/Documents/research/abb_driver_pci/devel/share/common-lisp/ros/abb_robot_msgs/srv/SetIOSignal.lisp)
Linked: (/Users/amoralesma/Documents/research/abb_driver_pci/devel/.private/abb_robot_msgs/share/common-lisp/ros/abb_robot_msgs/srv/_package_GetRAPIDString.lisp, /Users/amoralesma/Documents/research/abb_driver_pci/devel/share/common-lisp/ros/abb_robot_msgs/srv/_package_GetRAPIDString.lisp)
Linked: (/Users/amoralesma/Documents/research/abb_driver_pci/devel/.private/abb_robot_msgs/share/common-lisp/ros/abb_robot_msgs/srv/GetRobotControllerDescription.lisp, /Users/amoralesma/Documents/research/abb_driver_pci/devel/share/common-lisp/ros/abb_robot_msgs/srv/GetRobotControllerDescription.lisp)
Linked: (/Users/amoralesma/Documents/research/abb_driver_pci/devel/.private/abb_robot_msgs/share/common-lisp/ros/abb_robot_msgs/srv/_package_GetIOSignal.lisp, /Users/amoralesma/Documents/research/abb_driver_pci/devel/share/common-lisp/ros/abb_robot_msgs/srv/_package_GetIOSignal.lisp)
Linked: (/Users/amoralesma/Documents/research/abb_driver_pci/devel/.private/abb_robot_msgs/share/common-lisp/ros/abb_robot_msgs/srv/_package_SetSpeedRatio.lisp, /Users/amoralesma/Documents/research/abb_driver_pci/devel/share/common-lisp/ros/abb_robot_msgs/srv/_package_SetSpeedRatio.lisp)
Linked: (/Users/amoralesma/Documents/research/abb_driver_pci/devel/.private/abb_robot_msgs/share/common-lisp/ros/abb_robot_msgs/srv/_package_GetSpeedRatio.lisp, /Users/amoralesma/Documents/research/abb_driver_pci/devel/share/common-lisp/ros/abb_robot_msgs/srv/_package_GetSpeedRatio.lisp)
Linked: (/Users/amoralesma/Documents/research/abb_driver_pci/devel/.private/abb_robot_msgs/share/common-lisp/ros/abb_robot_msgs/srv/SetRAPIDString.lisp, /Users/amoralesma/Documents/research/abb_driver_pci/devel/share/common-lisp/ros/abb_robot_msgs/srv/SetRAPIDString.lisp)
Linked: (/Users/amoralesma/Documents/research/abb_driver_pci/devel/.private/abb_robot_msgs/share/common-lisp/ros/abb_robot_msgs/srv/_package_GetRAPIDNum.lisp, /Users/amoralesma/Documents/research/abb_driver_pci/devel/share/common-lisp/ros/abb_robot_msgs/srv/_package_GetRAPIDNum.lisp)
Linked: (/Users/amoralesma/Documents/research/abb_driver_pci/devel/.private/abb_robot_msgs/share/common-lisp/ros/abb_robot_msgs/srv/_package_SetRAPIDSymbol.lisp, /Users/amoralesma/Documents/research/abb_driver_pci/devel/share/common-lisp/ros/abb_robot_msgs/srv/_package_SetRAPIDSymbol.lisp)
Linked: (/Users/amoralesma/Documents/research/abb_driver_pci/devel/.private/abb_robot_msgs/share/common-lisp/ros/abb_robot_msgs/srv/SetRAPIDNum.lisp, /Users/amoralesma/Documents/research/abb_driver_pci/devel/share/common-lisp/ros/abb_robot_msgs/srv/SetRAPIDNum.lisp)
Linked: (/Users/amoralesma/Documents/research/abb_driver_pci/devel/.private/abb_robot_msgs/share/common-lisp/ros/abb_robot_msgs/srv/GetRAPIDSymbol.lisp, /Users/amoralesma/Documents/research/abb_driver_pci/devel/share/common-lisp/ros/abb_robot_msgs/srv/GetRAPIDSymbol.lisp)
Linked: (/Users/amoralesma/Documents/research/abb_driver_pci/devel/.private/abb_robot_msgs/share/common-lisp/ros/abb_robot_msgs/srv/_package_GetRobotControllerDescription.lisp, /Users/amoralesma/Documents/research/abb_driver_pci/devel/share/common-lisp/ros/abb_robot_msgs/srv/_package_GetRobotControllerDescription.lisp)
Linked: (/Users/amoralesma/Documents/research/abb_driver_pci/devel/.private/abb_robot_msgs/share/gennodejs/ros/abb_robot_msgs/_index.js, /Users/amoralesma/Documents/research/abb_driver_pci/devel/share/gennodejs/ros/abb_robot_msgs/_index.js)
Linked: (/Users/amoralesma/Documents/research/abb_driver_pci/devel/.private/abb_robot_msgs/share/gennodejs/ros/abb_robot_msgs/msg/_index.js, /Users/amoralesma/Documents/research/abb_driver_pci/devel/share/gennodejs/ros/abb_robot_msgs/msg/_index.js)
Linked: (/Users/amoralesma/Documents/research/abb_driver_pci/devel/.private/abb_robot_msgs/share/gennodejs/ros/abb_robot_msgs/msg/RAPIDSymbolPath.js, /Users/amoralesma/Documents/research/abb_driver_pci/devel/share/gennodejs/ros/abb_robot_msgs/msg/RAPIDSymbolPath.js)
Linked: (/Users/amoralesma/Documents/research/abb_driver_pci/devel/.private/abb_robot_msgs/share/gennodejs/ros/abb_robot_msgs/msg/ServiceResponses.js, /Users/amoralesma/Documents/research/abb_driver_pci/devel/share/gennodejs/ros/abb_robot_msgs/msg/ServiceResponses.js)
Linked: (/Users/amoralesma/Documents/research/abb_driver_pci/devel/.private/abb_robot_msgs/share/gennodejs/ros/abb_robot_msgs/msg/RAPIDTaskState.js, /Users/amoralesma/Documents/research/abb_driver_pci/devel/share/gennodejs/ros/abb_robot_msgs/msg/RAPIDTaskState.js)
Linked: (/Users/amoralesma/Documents/research/abb_driver_pci/devel/.private/abb_robot_msgs/share/gennodejs/ros/abb_robot_msgs/msg/MechanicalUnitState.js, /Users/amoralesma/Documents/research/abb_driver_pci/devel/share/gennodejs/ros/abb_robot_msgs/msg/MechanicalUnitState.js)
Linked: (/Users/amoralesma/Documents/research/abb_driver_pci/devel/.private/abb_robot_msgs/share/gennodejs/ros/abb_robot_msgs/msg/SystemState.js, /Users/amoralesma/Documents/research/abb_driver_pci/devel/share/gennodejs/ros/abb_robot_msgs/msg/SystemState.js)
Linked: (/Users/amoralesma/Documents/research/abb_driver_pci/devel/.private/abb_robot_msgs/share/gennodejs/ros/abb_robot_msgs/srv/_index.js, /Users/amoralesma/Documents/research/abb_driver_pci/devel/share/gennodejs/ros/abb_robot_msgs/srv/_index.js)
Linked: (/Users/amoralesma/Documents/research/abb_driver_pci/devel/.private/abb_robot_msgs/share/gennodejs/ros/abb_robot_msgs/srv/GetSpeedRatio.js, /Users/amoralesma/Documents/research/abb_driver_pci/devel/share/gennodejs/ros/abb_robot_msgs/srv/GetSpeedRatio.js)
Linked: (/Users/amoralesma/Documents/research/abb_driver_pci/devel/.private/abb_robot_msgs/share/gennodejs/ros/abb_robot_msgs/srv/TriggerWithResultCode.js, /Users/amoralesma/Documents/research/abb_driver_pci/devel/share/gennodejs/ros/abb_robot_msgs/srv/TriggerWithResultCode.js)
Linked: (/Users/amoralesma/Documents/research/abb_driver_pci/devel/.private/abb_robot_msgs/share/gennodejs/ros/abb_robot_msgs/srv/GetRAPIDString.js, /Users/amoralesma/Documents/research/abb_driver_pci/devel/share/gennodejs/ros/abb_robot_msgs/srv/GetRAPIDString.js)
Linked: (/Users/amoralesma/Documents/research/abb_driver_pci/devel/.private/abb_robot_msgs/share/gennodejs/ros/abb_robot_msgs/srv/SetRAPIDBool.js, /Users/amoralesma/Documents/research/abb_driver_pci/devel/share/gennodejs/ros/abb_robot_msgs/srv/SetRAPIDBool.js)
Linked: (/Users/amoralesma/Documents/research/abb_driver_pci/devel/.private/abb_robot_msgs/share/gennodejs/ros/abb_robot_msgs/srv/SetFileContents.js, /Users/amoralesma/Documents/research/abb_driver_pci/devel/share/gennodejs/ros/abb_robot_msgs/srv/SetFileContents.js)
Linked: (/Users/amoralesma/Documents/research/abb_driver_pci/devel/.private/abb_robot_msgs/share/gennodejs/ros/abb_robot_msgs/srv/GetFileContents.js, /Users/amoralesma/Documents/research/abb_driver_pci/devel/share/gennodejs/ros/abb_robot_msgs/srv/GetFileContents.js)
Linked: (/Users/amoralesma/Documents/research/abb_driver_pci/devel/.private/abb_robot_msgs/share/gennodejs/ros/abb_robot_msgs/srv/GetRobotControllerDescription.js, /Users/amoralesma/Documents/research/abb_driver_pci/devel/share/gennodejs/ros/abb_robot_msgs/srv/GetRobotControllerDescription.js)
Linked: (/Users/amoralesma/Documents/research/abb_driver_pci/devel/.private/abb_robot_msgs/share/gennodejs/ros/abb_robot_msgs/srv/GetRAPIDDnum.js, /Users/amoralesma/Documents/research/abb_driver_pci/devel/share/gennodejs/ros/abb_robot_msgs/srv/GetRAPIDDnum.js)
Linked: (/Users/amoralesma/Documents/research/abb_driver_pci/devel/.private/abb_robot_msgs/share/gennodejs/ros/abb_robot_msgs/srv/SetRAPIDString.js, /Users/amoralesma/Documents/research/abb_driver_pci/devel/share/gennodejs/ros/abb_robot_msgs/srv/SetRAPIDString.js)
Linked: (/Users/amoralesma/Documents/research/abb_driver_pci/devel/.private/abb_robot_msgs/share/gennodejs/ros/abb_robot_msgs/srv/GetIOSignal.js, /Users/amoralesma/Documents/research/abb_driver_pci/devel/share/gennodejs/ros/abb_robot_msgs/srv/GetIOSignal.js)
Linked: (/Users/amoralesma/Documents/research/abb_driver_pci/devel/.private/abb_robot_msgs/share/gennodejs/ros/abb_robot_msgs/srv/SetRAPIDDnum.js, /Users/amoralesma/Documents/research/abb_driver_pci/devel/share/gennodejs/ros/abb_robot_msgs/srv/SetRAPIDDnum.js)
Linked: (/Users/amoralesma/Documents/research/abb_driver_pci/devel/.private/abb_robot_msgs/share/gennodejs/ros/abb_robot_msgs/srv/GetRAPIDNum.js, /Users/amoralesma/Documents/research/abb_driver_pci/devel/share/gennodejs/ros/abb_robot_msgs/srv/GetRAPIDNum.js)
Linked: (/Users/amoralesma/Documents/research/abb_driver_pci/devel/.private/abb_robot_msgs/share/gennodejs/ros/abb_robot_msgs/srv/GetRAPIDBool.js, /Users/amoralesma/Documents/research/abb_driver_pci/devel/share/gennodejs/ros/abb_robot_msgs/srv/GetRAPIDBool.js)
Linked: (/Users/amoralesma/Documents/research/abb_driver_pci/devel/.private/abb_robot_msgs/share/gennodejs/ros/abb_robot_msgs/srv/GetRAPIDSymbol.js, /Users/amoralesma/Documents/research/abb_driver_pci/devel/share/gennodejs/ros/abb_robot_msgs/srv/GetRAPIDSymbol.js)
Linked: (/Users/amoralesma/Documents/research/abb_driver_pci/devel/.private/abb_robot_msgs/share/gennodejs/ros/abb_robot_msgs/srv/SetIOSignal.js, /Users/amoralesma/Documents/research/abb_driver_pci/devel/share/gennodejs/ros/abb_robot_msgs/srv/SetIOSignal.js)
Linked: (/Users/amoralesma/Documents/research/abb_driver_pci/devel/.private/abb_robot_msgs/share/gennodejs/ros/abb_robot_msgs/srv/SetRAPIDSymbol.js, /Users/amoralesma/Documents/research/abb_driver_pci/devel/share/gennodejs/ros/abb_robot_msgs/srv/SetRAPIDSymbol.js)
Linked: (/Users/amoralesma/Documents/research/abb_driver_pci/devel/.private/abb_robot_msgs/share/gennodejs/ros/abb_robot_msgs/srv/SetRAPIDNum.js, /Users/amoralesma/Documents/research/abb_driver_pci/devel/share/gennodejs/ros/abb_robot_msgs/srv/SetRAPIDNum.js)
Linked: (/Users/amoralesma/Documents/research/abb_driver_pci/devel/.private/abb_robot_msgs/share/gennodejs/ros/abb_robot_msgs/srv/SetSpeedRatio.js, /Users/amoralesma/Documents/research/abb_driver_pci/devel/share/gennodejs/ros/abb_robot_msgs/srv/SetSpeedRatio.js)
