Symlinking /Users/amoralesma/Documents/research/abb_driver_pci/devel/include/abb_egm_msgs/EGMState.h
Symlinking /Users/amoralesma/Documents/research/abb_driver_pci/devel/include/abb_egm_msgs/EGMChannelState.h
Symlinking /Users/amoralesma/Documents/research/abb_driver_pci/devel/lib/pkgconfig/abb_egm_msgs.pc
Symlinking /Users/amoralesma/Documents/research/abb_driver_pci/devel/lib/python3.9/site-packages/abb_egm_msgs/__init__.py
Symlinking /Users/amoralesma/Documents/research/abb_driver_pci/devel/lib/python3.9/site-packages/abb_egm_msgs/msg/__init__.py
Symlinking /Users/amoralesma/Documents/research/abb_driver_pci/devel/lib/python3.9/site-packages/abb_egm_msgs/msg/_EGMState.py
Symlinking /Users/amoralesma/Documents/research/abb_driver_pci/devel/lib/python3.9/site-packages/abb_egm_msgs/msg/_EGMChannelState.py
Symlinking /Users/amoralesma/Documents/research/abb_driver_pci/devel/share/abb_egm_msgs/cmake/abb_egm_msgsConfig.cmake
Symlinking /Users/amoralesma/Documents/research/abb_driver_pci/devel/share/abb_egm_msgs/cmake/abb_egm_msgsConfig-version.cmake
Symlinking /Users/amoralesma/Documents/research/abb_driver_pci/devel/share/abb_egm_msgs/cmake/abb_egm_msgs-msg-paths.cmake
Symlinking /Users/amoralesma/Documents/research/abb_driver_pci/devel/share/abb_egm_msgs/cmake/abb_egm_msgs-msg-extras.cmake
Symlinking /Users/amoralesma/Documents/research/abb_driver_pci/devel/share/roseus/ros/abb_egm_msgs/manifest.l
Symlinking /Users/amoralesma/Documents/research/abb_driver_pci/devel/share/roseus/ros/abb_egm_msgs/msg/EGMChannelState.l
Symlinking /Users/amoralesma/Documents/research/abb_driver_pci/devel/share/roseus/ros/abb_egm_msgs/msg/EGMState.l
Symlinking /Users/amoralesma/Documents/research/abb_driver_pci/devel/share/common-lisp/ros/abb_egm_msgs/msg/abb_egm_msgs-msg.asd
Symlinking /Users/amoralesma/Documents/research/abb_driver_pci/devel/share/common-lisp/ros/abb_egm_msgs/msg/EGMChannelState.lisp
Symlinking /Users/amoralesma/Documents/research/abb_driver_pci/devel/share/common-lisp/ros/abb_egm_msgs/msg/_package_EGMChannelState.lisp
Symlinking /Users/amoralesma/Documents/research/abb_driver_pci/devel/share/common-lisp/ros/abb_egm_msgs/msg/_package_EGMState.lisp
Symlinking /Users/amoralesma/Documents/research/abb_driver_pci/devel/share/common-lisp/ros/abb_egm_msgs/msg/EGMState.lisp
Symlinking /Users/amoralesma/Documents/research/abb_driver_pci/devel/share/common-lisp/ros/abb_egm_msgs/msg/_package.lisp
Symlinking /Users/amoralesma/Documents/research/abb_driver_pci/devel/share/gennodejs/ros/abb_egm_msgs/_index.js
Symlinking /Users/amoralesma/Documents/research/abb_driver_pci/devel/share/gennodejs/ros/abb_egm_msgs/msg/_index.js
Symlinking /Users/amoralesma/Documents/research/abb_driver_pci/devel/share/gennodejs/ros/abb_egm_msgs/msg/EGMState.js
Symlinking /Users/amoralesma/Documents/research/abb_driver_pci/devel/share/gennodejs/ros/abb_egm_msgs/msg/EGMChannelState.js
