Linked: (/Users/amoralesma/Documents/research/abb_driver_pci/devel/.private/abb_egm_msgs/include/abb_egm_msgs/EGMState.h, /Users/amoralesma/Documents/research/abb_driver_pci/devel/include/abb_egm_msgs/EGMState.h)
Linked: (/Users/amoralesma/Documents/research/abb_driver_pci/devel/.private/abb_egm_msgs/include/abb_egm_msgs/EGMChannelState.h, /Users/amoralesma/Documents/research/abb_driver_pci/devel/include/abb_egm_msgs/EGMChannelState.h)
Linked: (/Users/amoralesma/Documents/research/abb_driver_pci/devel/.private/abb_egm_msgs/lib/pkgconfig/abb_egm_msgs.pc, /Users/amoralesma/Documents/research/abb_driver_pci/devel/lib/pkgconfig/abb_egm_msgs.pc)
Linked: (/Users/amoralesma/Documents/research/abb_driver_pci/devel/.private/abb_egm_msgs/lib/python3.9/site-packages/abb_egm_msgs/__init__.py, /Users/amoralesma/Documents/research/abb_driver_pci/devel/lib/python3.9/site-packages/abb_egm_msgs/__init__.py)
Linked: (/Users/amoralesma/Documents/research/abb_driver_pci/devel/.private/abb_egm_msgs/lib/python3.9/site-packages/abb_egm_msgs/msg/__init__.py, /Users/amoralesma/Documents/research/abb_driver_pci/devel/lib/python3.9/site-packages/abb_egm_msgs/msg/__init__.py)
Linked: (/Users/amoralesma/Documents/research/abb_driver_pci/devel/.private/abb_egm_msgs/lib/python3.9/site-packages/abb_egm_msgs/msg/_EGMState.py, /Users/amoralesma/Documents/research/abb_driver_pci/devel/lib/python3.9/site-packages/abb_egm_msgs/msg/_EGMState.py)
Linked: (/Users/amoralesma/Documents/research/abb_driver_pci/devel/.private/abb_egm_msgs/lib/python3.9/site-packages/abb_egm_msgs/msg/_EGMChannelState.py, /Users/amoralesma/Documents/research/abb_driver_pci/devel/lib/python3.9/site-packages/abb_egm_msgs/msg/_EGMChannelState.py)
Linked: (/Users/amoralesma/Documents/research/abb_driver_pci/devel/.private/abb_egm_msgs/share/abb_egm_msgs/cmake/abb_egm_msgsConfig.cmake, /Users/amoralesma/Documents/research/abb_driver_pci/devel/share/abb_egm_msgs/cmake/abb_egm_msgsConfig.cmake)
Linked: (/Users/amoralesma/Documents/research/abb_driver_pci/devel/.private/abb_egm_msgs/share/abb_egm_msgs/cmake/abb_egm_msgsConfig-version.cmake, /Users/amoralesma/Documents/research/abb_driver_pci/devel/share/abb_egm_msgs/cmake/abb_egm_msgsConfig-version.cmake)
Linked: (/Users/amoralesma/Documents/research/abb_driver_pci/devel/.private/abb_egm_msgs/share/abb_egm_msgs/cmake/abb_egm_msgs-msg-paths.cmake, /Users/amoralesma/Documents/research/abb_driver_pci/devel/share/abb_egm_msgs/cmake/abb_egm_msgs-msg-paths.cmake)
Linked: (/Users/amoralesma/Documents/research/abb_driver_pci/devel/.private/abb_egm_msgs/share/abb_egm_msgs/cmake/abb_egm_msgs-msg-extras.cmake, /Users/amoralesma/Documents/research/abb_driver_pci/devel/share/abb_egm_msgs/cmake/abb_egm_msgs-msg-extras.cmake)
Linked: (/Users/amoralesma/Documents/research/abb_driver_pci/devel/.private/abb_egm_msgs/share/roseus/ros/abb_egm_msgs/manifest.l, /Users/amoralesma/Documents/research/abb_driver_pci/devel/share/roseus/ros/abb_egm_msgs/manifest.l)
Linked: (/Users/amoralesma/Documents/research/abb_driver_pci/devel/.private/abb_egm_msgs/share/roseus/ros/abb_egm_msgs/msg/EGMChannelState.l, /Users/amoralesma/Documents/research/abb_driver_pci/devel/share/roseus/ros/abb_egm_msgs/msg/EGMChannelState.l)
Linked: (/Users/amoralesma/Documents/research/abb_driver_pci/devel/.private/abb_egm_msgs/share/roseus/ros/abb_egm_msgs/msg/EGMState.l, /Users/amoralesma/Documents/research/abb_driver_pci/devel/share/roseus/ros/abb_egm_msgs/msg/EGMState.l)
Linked: (/Users/amoralesma/Documents/research/abb_driver_pci/devel/.private/abb_egm_msgs/share/common-lisp/ros/abb_egm_msgs/msg/abb_egm_msgs-msg.asd, /Users/amoralesma/Documents/research/abb_driver_pci/devel/share/common-lisp/ros/abb_egm_msgs/msg/abb_egm_msgs-msg.asd)
Linked: (/Users/amoralesma/Documents/research/abb_driver_pci/devel/.private/abb_egm_msgs/share/common-lisp/ros/abb_egm_msgs/msg/EGMChannelState.lisp, /Users/amoralesma/Documents/research/abb_driver_pci/devel/share/common-lisp/ros/abb_egm_msgs/msg/EGMChannelState.lisp)
Linked: (/Users/amoralesma/Documents/research/abb_driver_pci/devel/.private/abb_egm_msgs/share/common-lisp/ros/abb_egm_msgs/msg/_package_EGMChannelState.lisp, /Users/amoralesma/Documents/research/abb_driver_pci/devel/share/common-lisp/ros/abb_egm_msgs/msg/_package_EGMChannelState.lisp)
Linked: (/Users/amoralesma/Documents/research/abb_driver_pci/devel/.private/abb_egm_msgs/share/common-lisp/ros/abb_egm_msgs/msg/_package_EGMState.lisp, /Users/amoralesma/Documents/research/abb_driver_pci/devel/share/common-lisp/ros/abb_egm_msgs/msg/_package_EGMState.lisp)
Linked: (/Users/amoralesma/Documents/research/abb_driver_pci/devel/.private/abb_egm_msgs/share/common-lisp/ros/abb_egm_msgs/msg/EGMState.lisp, /Users/amoralesma/Documents/research/abb_driver_pci/devel/share/common-lisp/ros/abb_egm_msgs/msg/EGMState.lisp)
Linked: (/Users/amoralesma/Documents/research/abb_driver_pci/devel/.private/abb_egm_msgs/share/common-lisp/ros/abb_egm_msgs/msg/_package.lisp, /Users/amoralesma/Documents/research/abb_driver_pci/devel/share/common-lisp/ros/abb_egm_msgs/msg/_package.lisp)
Linked: (/Users/amoralesma/Documents/research/abb_driver_pci/devel/.private/abb_egm_msgs/share/gennodejs/ros/abb_egm_msgs/_index.js, /Users/amoralesma/Documents/research/abb_driver_pci/devel/share/gennodejs/ros/abb_egm_msgs/_index.js)
Linked: (/Users/amoralesma/Documents/research/abb_driver_pci/devel/.private/abb_egm_msgs/share/gennodejs/ros/abb_egm_msgs/msg/_index.js, /Users/amoralesma/Documents/research/abb_driver_pci/devel/share/gennodejs/ros/abb_egm_msgs/msg/_index.js)
Linked: (/Users/amoralesma/Documents/research/abb_driver_pci/devel/.private/abb_egm_msgs/share/gennodejs/ros/abb_egm_msgs/msg/EGMState.js, /Users/amoralesma/Documents/research/abb_driver_pci/devel/share/gennodejs/ros/abb_egm_msgs/msg/EGMState.js)
Linked: (/Users/amoralesma/Documents/research/abb_driver_pci/devel/.private/abb_egm_msgs/share/gennodejs/ros/abb_egm_msgs/msg/EGMChannelState.js, /Users/amoralesma/Documents/research/abb_driver_pci/devel/share/gennodejs/ros/abb_egm_msgs/msg/EGMChannelState.js)
