Linked: (/Users/amoralesma/Documents/research/abb_driver_pci/devel/.private/abb_rapid_msgs/include/abb_rapid_msgs/JointTarget.h, /Users/amoralesma/Documents/research/abb_driver_pci/devel/include/abb_rapid_msgs/JointTarget.h)
Linked: (/Users/amoralesma/Documents/research/abb_driver_pci/devel/.private/abb_rapid_msgs/include/abb_rapid_msgs/ToolData.h, /Users/amoralesma/Documents/research/abb_driver_pci/devel/include/abb_rapid_msgs/ToolData.h)
Linked: (/Users/amoralesma/Documents/research/abb_driver_pci/devel/.private/abb_rapid_msgs/include/abb_rapid_msgs/WObjData.h, /Users/amoralesma/Documents/research/abb_driver_pci/devel/include/abb_rapid_msgs/WObjData.h)
Linked: (/Users/amoralesma/Documents/research/abb_driver_pci/devel/.private/abb_rapid_msgs/include/abb_rapid_msgs/ExtJoint.h, /Users/amoralesma/Documents/research/abb_driver_pci/devel/include/abb_rapid_msgs/ExtJoint.h)
Linked: (/Users/amoralesma/Documents/research/abb_driver_pci/devel/.private/abb_rapid_msgs/include/abb_rapid_msgs/Pose.h, /Users/amoralesma/Documents/research/abb_driver_pci/devel/include/abb_rapid_msgs/Pose.h)
Linked: (/Users/amoralesma/Documents/research/abb_driver_pci/devel/.private/abb_rapid_msgs/include/abb_rapid_msgs/Orient.h, /Users/amoralesma/Documents/research/abb_driver_pci/devel/include/abb_rapid_msgs/Orient.h)
Linked: (/Users/amoralesma/Documents/research/abb_driver_pci/devel/.private/abb_rapid_msgs/include/abb_rapid_msgs/RobTarget.h, /Users/amoralesma/Documents/research/abb_driver_pci/devel/include/abb_rapid_msgs/RobTarget.h)
Linked: (/Users/amoralesma/Documents/research/abb_driver_pci/devel/.private/abb_rapid_msgs/include/abb_rapid_msgs/RobJoint.h, /Users/amoralesma/Documents/research/abb_driver_pci/devel/include/abb_rapid_msgs/RobJoint.h)
Linked: (/Users/amoralesma/Documents/research/abb_driver_pci/devel/.private/abb_rapid_msgs/include/abb_rapid_msgs/ConfData.h, /Users/amoralesma/Documents/research/abb_driver_pci/devel/include/abb_rapid_msgs/ConfData.h)
Linked: (/Users/amoralesma/Documents/research/abb_driver_pci/devel/.private/abb_rapid_msgs/include/abb_rapid_msgs/LoadData.h, /Users/amoralesma/Documents/research/abb_driver_pci/devel/include/abb_rapid_msgs/LoadData.h)
Linked: (/Users/amoralesma/Documents/research/abb_driver_pci/devel/.private/abb_rapid_msgs/include/abb_rapid_msgs/Pos.h, /Users/amoralesma/Documents/research/abb_driver_pci/devel/include/abb_rapid_msgs/Pos.h)
Linked: (/Users/amoralesma/Documents/research/abb_driver_pci/devel/.private/abb_rapid_msgs/lib/pkgconfig/abb_rapid_msgs.pc, /Users/amoralesma/Documents/research/abb_driver_pci/devel/lib/pkgconfig/abb_rapid_msgs.pc)
Linked: (/Users/amoralesma/Documents/research/abb_driver_pci/devel/.private/abb_rapid_msgs/lib/python3.9/site-packages/abb_rapid_msgs/__init__.py, /Users/amoralesma/Documents/research/abb_driver_pci/devel/lib/python3.9/site-packages/abb_rapid_msgs/__init__.py)
Linked: (/Users/amoralesma/Documents/research/abb_driver_pci/devel/.private/abb_rapid_msgs/lib/python3.9/site-packages/abb_rapid_msgs/msg/_WObjData.py, /Users/amoralesma/Documents/research/abb_driver_pci/devel/lib/python3.9/site-packages/abb_rapid_msgs/msg/_WObjData.py)
Linked: (/Users/amoralesma/Documents/research/abb_driver_pci/devel/.private/abb_rapid_msgs/lib/python3.9/site-packages/abb_rapid_msgs/msg/_Orient.py, /Users/amoralesma/Documents/research/abb_driver_pci/devel/lib/python3.9/site-packages/abb_rapid_msgs/msg/_Orient.py)
Linked: (/Users/amoralesma/Documents/research/abb_driver_pci/devel/.private/abb_rapid_msgs/lib/python3.9/site-packages/abb_rapid_msgs/msg/_JointTarget.py, /Users/amoralesma/Documents/research/abb_driver_pci/devel/lib/python3.9/site-packages/abb_rapid_msgs/msg/_JointTarget.py)
Linked: (/Users/amoralesma/Documents/research/abb_driver_pci/devel/.private/abb_rapid_msgs/lib/python3.9/site-packages/abb_rapid_msgs/msg/_Pose.py, /Users/amoralesma/Documents/research/abb_driver_pci/devel/lib/python3.9/site-packages/abb_rapid_msgs/msg/_Pose.py)
Linked: (/Users/amoralesma/Documents/research/abb_driver_pci/devel/.private/abb_rapid_msgs/lib/python3.9/site-packages/abb_rapid_msgs/msg/_ToolData.py, /Users/amoralesma/Documents/research/abb_driver_pci/devel/lib/python3.9/site-packages/abb_rapid_msgs/msg/_ToolData.py)
Linked: (/Users/amoralesma/Documents/research/abb_driver_pci/devel/.private/abb_rapid_msgs/lib/python3.9/site-packages/abb_rapid_msgs/msg/__init__.py, /Users/amoralesma/Documents/research/abb_driver_pci/devel/lib/python3.9/site-packages/abb_rapid_msgs/msg/__init__.py)
Linked: (/Users/amoralesma/Documents/research/abb_driver_pci/devel/.private/abb_rapid_msgs/lib/python3.9/site-packages/abb_rapid_msgs/msg/_RobTarget.py, /Users/amoralesma/Documents/research/abb_driver_pci/devel/lib/python3.9/site-packages/abb_rapid_msgs/msg/_RobTarget.py)
Linked: (/Users/amoralesma/Documents/research/abb_driver_pci/devel/.private/abb_rapid_msgs/lib/python3.9/site-packages/abb_rapid_msgs/msg/_ConfData.py, /Users/amoralesma/Documents/research/abb_driver_pci/devel/lib/python3.9/site-packages/abb_rapid_msgs/msg/_ConfData.py)
Linked: (/Users/amoralesma/Documents/research/abb_driver_pci/devel/.private/abb_rapid_msgs/lib/python3.9/site-packages/abb_rapid_msgs/msg/_RobJoint.py, /Users/amoralesma/Documents/research/abb_driver_pci/devel/lib/python3.9/site-packages/abb_rapid_msgs/msg/_RobJoint.py)
Linked: (/Users/amoralesma/Documents/research/abb_driver_pci/devel/.private/abb_rapid_msgs/lib/python3.9/site-packages/abb_rapid_msgs/msg/_LoadData.py, /Users/amoralesma/Documents/research/abb_driver_pci/devel/lib/python3.9/site-packages/abb_rapid_msgs/msg/_LoadData.py)
Linked: (/Users/amoralesma/Documents/research/abb_driver_pci/devel/.private/abb_rapid_msgs/lib/python3.9/site-packages/abb_rapid_msgs/msg/_Pos.py, /Users/amoralesma/Documents/research/abb_driver_pci/devel/lib/python3.9/site-packages/abb_rapid_msgs/msg/_Pos.py)
Linked: (/Users/amoralesma/Documents/research/abb_driver_pci/devel/.private/abb_rapid_msgs/lib/python3.9/site-packages/abb_rapid_msgs/msg/_ExtJoint.py, /Users/amoralesma/Documents/research/abb_driver_pci/devel/lib/python3.9/site-packages/abb_rapid_msgs/msg/_ExtJoint.py)
Linked: (/Users/amoralesma/Documents/research/abb_driver_pci/devel/.private/abb_rapid_msgs/share/roseus/ros/abb_rapid_msgs/manifest.l, /Users/amoralesma/Documents/research/abb_driver_pci/devel/share/roseus/ros/abb_rapid_msgs/manifest.l)
Linked: (/Users/amoralesma/Documents/research/abb_driver_pci/devel/.private/abb_rapid_msgs/share/roseus/ros/abb_rapid_msgs/msg/RobTarget.l, /Users/amoralesma/Documents/research/abb_driver_pci/devel/share/roseus/ros/abb_rapid_msgs/msg/RobTarget.l)
Linked: (/Users/amoralesma/Documents/research/abb_driver_pci/devel/.private/abb_rapid_msgs/share/roseus/ros/abb_rapid_msgs/msg/RobJoint.l, /Users/amoralesma/Documents/research/abb_driver_pci/devel/share/roseus/ros/abb_rapid_msgs/msg/RobJoint.l)
Linked: (/Users/amoralesma/Documents/research/abb_driver_pci/devel/.private/abb_rapid_msgs/share/roseus/ros/abb_rapid_msgs/msg/ConfData.l, /Users/amoralesma/Documents/research/abb_driver_pci/devel/share/roseus/ros/abb_rapid_msgs/msg/ConfData.l)
Linked: (/Users/amoralesma/Documents/research/abb_driver_pci/devel/.private/abb_rapid_msgs/share/roseus/ros/abb_rapid_msgs/msg/LoadData.l, /Users/amoralesma/Documents/research/abb_driver_pci/devel/share/roseus/ros/abb_rapid_msgs/msg/LoadData.l)
Linked: (/Users/amoralesma/Documents/research/abb_driver_pci/devel/.private/abb_rapid_msgs/share/roseus/ros/abb_rapid_msgs/msg/Pos.l, /Users/amoralesma/Documents/research/abb_driver_pci/devel/share/roseus/ros/abb_rapid_msgs/msg/Pos.l)
Linked: (/Users/amoralesma/Documents/research/abb_driver_pci/devel/.private/abb_rapid_msgs/share/roseus/ros/abb_rapid_msgs/msg/JointTarget.l, /Users/amoralesma/Documents/research/abb_driver_pci/devel/share/roseus/ros/abb_rapid_msgs/msg/JointTarget.l)
Linked: (/Users/amoralesma/Documents/research/abb_driver_pci/devel/.private/abb_rapid_msgs/share/roseus/ros/abb_rapid_msgs/msg/ExtJoint.l, /Users/amoralesma/Documents/research/abb_driver_pci/devel/share/roseus/ros/abb_rapid_msgs/msg/ExtJoint.l)
Linked: (/Users/amoralesma/Documents/research/abb_driver_pci/devel/.private/abb_rapid_msgs/share/roseus/ros/abb_rapid_msgs/msg/WObjData.l, /Users/amoralesma/Documents/research/abb_driver_pci/devel/share/roseus/ros/abb_rapid_msgs/msg/WObjData.l)
Linked: (/Users/amoralesma/Documents/research/abb_driver_pci/devel/.private/abb_rapid_msgs/share/roseus/ros/abb_rapid_msgs/msg/ToolData.l, /Users/amoralesma/Documents/research/abb_driver_pci/devel/share/roseus/ros/abb_rapid_msgs/msg/ToolData.l)
Linked: (/Users/amoralesma/Documents/research/abb_driver_pci/devel/.private/abb_rapid_msgs/share/roseus/ros/abb_rapid_msgs/msg/Pose.l, /Users/amoralesma/Documents/research/abb_driver_pci/devel/share/roseus/ros/abb_rapid_msgs/msg/Pose.l)
Linked: (/Users/amoralesma/Documents/research/abb_driver_pci/devel/.private/abb_rapid_msgs/share/roseus/ros/abb_rapid_msgs/msg/Orient.l, /Users/amoralesma/Documents/research/abb_driver_pci/devel/share/roseus/ros/abb_rapid_msgs/msg/Orient.l)
Linked: (/Users/amoralesma/Documents/research/abb_driver_pci/devel/.private/abb_rapid_msgs/share/abb_rapid_msgs/cmake/abb_rapid_msgsConfig-version.cmake, /Users/amoralesma/Documents/research/abb_driver_pci/devel/share/abb_rapid_msgs/cmake/abb_rapid_msgsConfig-version.cmake)
Linked: (/Users/amoralesma/Documents/research/abb_driver_pci/devel/.private/abb_rapid_msgs/share/abb_rapid_msgs/cmake/abb_rapid_msgs-msg-extras.cmake, /Users/amoralesma/Documents/research/abb_driver_pci/devel/share/abb_rapid_msgs/cmake/abb_rapid_msgs-msg-extras.cmake)
Linked: (/Users/amoralesma/Documents/research/abb_driver_pci/devel/.private/abb_rapid_msgs/share/abb_rapid_msgs/cmake/abb_rapid_msgs-msg-paths.cmake, /Users/amoralesma/Documents/research/abb_driver_pci/devel/share/abb_rapid_msgs/cmake/abb_rapid_msgs-msg-paths.cmake)
Linked: (/Users/amoralesma/Documents/research/abb_driver_pci/devel/.private/abb_rapid_msgs/share/abb_rapid_msgs/cmake/abb_rapid_msgsConfig.cmake, /Users/amoralesma/Documents/research/abb_driver_pci/devel/share/abb_rapid_msgs/cmake/abb_rapid_msgsConfig.cmake)
Linked: (/Users/amoralesma/Documents/research/abb_driver_pci/devel/.private/abb_rapid_msgs/share/common-lisp/ros/abb_rapid_msgs/msg/RobTarget.lisp, /Users/amoralesma/Documents/research/abb_driver_pci/devel/share/common-lisp/ros/abb_rapid_msgs/msg/RobTarget.lisp)
Linked: (/Users/amoralesma/Documents/research/abb_driver_pci/devel/.private/abb_rapid_msgs/share/common-lisp/ros/abb_rapid_msgs/msg/_package_Orient.lisp, /Users/amoralesma/Documents/research/abb_driver_pci/devel/share/common-lisp/ros/abb_rapid_msgs/msg/_package_Orient.lisp)
Linked: (/Users/amoralesma/Documents/research/abb_driver_pci/devel/.private/abb_rapid_msgs/share/common-lisp/ros/abb_rapid_msgs/msg/RobJoint.lisp, /Users/amoralesma/Documents/research/abb_driver_pci/devel/share/common-lisp/ros/abb_rapid_msgs/msg/RobJoint.lisp)
Linked: (/Users/amoralesma/Documents/research/abb_driver_pci/devel/.private/abb_rapid_msgs/share/common-lisp/ros/abb_rapid_msgs/msg/_package_ToolData.lisp, /Users/amoralesma/Documents/research/abb_driver_pci/devel/share/common-lisp/ros/abb_rapid_msgs/msg/_package_ToolData.lisp)
Linked: (/Users/amoralesma/Documents/research/abb_driver_pci/devel/.private/abb_rapid_msgs/share/common-lisp/ros/abb_rapid_msgs/msg/_package_WObjData.lisp, /Users/amoralesma/Documents/research/abb_driver_pci/devel/share/common-lisp/ros/abb_rapid_msgs/msg/_package_WObjData.lisp)
Linked: (/Users/amoralesma/Documents/research/abb_driver_pci/devel/.private/abb_rapid_msgs/share/common-lisp/ros/abb_rapid_msgs/msg/Orient.lisp, /Users/amoralesma/Documents/research/abb_driver_pci/devel/share/common-lisp/ros/abb_rapid_msgs/msg/Orient.lisp)
Linked: (/Users/amoralesma/Documents/research/abb_driver_pci/devel/.private/abb_rapid_msgs/share/common-lisp/ros/abb_rapid_msgs/msg/_package_RobJoint.lisp, /Users/amoralesma/Documents/research/abb_driver_pci/devel/share/common-lisp/ros/abb_rapid_msgs/msg/_package_RobJoint.lisp)
Linked: (/Users/amoralesma/Documents/research/abb_driver_pci/devel/.private/abb_rapid_msgs/share/common-lisp/ros/abb_rapid_msgs/msg/WObjData.lisp, /Users/amoralesma/Documents/research/abb_driver_pci/devel/share/common-lisp/ros/abb_rapid_msgs/msg/WObjData.lisp)
Linked: (/Users/amoralesma/Documents/research/abb_driver_pci/devel/.private/abb_rapid_msgs/share/common-lisp/ros/abb_rapid_msgs/msg/_package_Pos.lisp, /Users/amoralesma/Documents/research/abb_driver_pci/devel/share/common-lisp/ros/abb_rapid_msgs/msg/_package_Pos.lisp)
Linked: (/Users/amoralesma/Documents/research/abb_driver_pci/devel/.private/abb_rapid_msgs/share/common-lisp/ros/abb_rapid_msgs/msg/ToolData.lisp, /Users/amoralesma/Documents/research/abb_driver_pci/devel/share/common-lisp/ros/abb_rapid_msgs/msg/ToolData.lisp)
Linked: (/Users/amoralesma/Documents/research/abb_driver_pci/devel/.private/abb_rapid_msgs/share/common-lisp/ros/abb_rapid_msgs/msg/JointTarget.lisp, /Users/amoralesma/Documents/research/abb_driver_pci/devel/share/common-lisp/ros/abb_rapid_msgs/msg/JointTarget.lisp)
Linked: (/Users/amoralesma/Documents/research/abb_driver_pci/devel/.private/abb_rapid_msgs/share/common-lisp/ros/abb_rapid_msgs/msg/_package.lisp, /Users/amoralesma/Documents/research/abb_driver_pci/devel/share/common-lisp/ros/abb_rapid_msgs/msg/_package.lisp)
Linked: (/Users/amoralesma/Documents/research/abb_driver_pci/devel/.private/abb_rapid_msgs/share/common-lisp/ros/abb_rapid_msgs/msg/_package_Pose.lisp, /Users/amoralesma/Documents/research/abb_driver_pci/devel/share/common-lisp/ros/abb_rapid_msgs/msg/_package_Pose.lisp)
Linked: (/Users/amoralesma/Documents/research/abb_driver_pci/devel/.private/abb_rapid_msgs/share/common-lisp/ros/abb_rapid_msgs/msg/abb_rapid_msgs-msg.asd, /Users/amoralesma/Documents/research/abb_driver_pci/devel/share/common-lisp/ros/abb_rapid_msgs/msg/abb_rapid_msgs-msg.asd)
Linked: (/Users/amoralesma/Documents/research/abb_driver_pci/devel/.private/abb_rapid_msgs/share/common-lisp/ros/abb_rapid_msgs/msg/_package_ExtJoint.lisp, /Users/amoralesma/Documents/research/abb_driver_pci/devel/share/common-lisp/ros/abb_rapid_msgs/msg/_package_ExtJoint.lisp)
Linked: (/Users/amoralesma/Documents/research/abb_driver_pci/devel/.private/abb_rapid_msgs/share/common-lisp/ros/abb_rapid_msgs/msg/ConfData.lisp, /Users/amoralesma/Documents/research/abb_driver_pci/devel/share/common-lisp/ros/abb_rapid_msgs/msg/ConfData.lisp)
Linked: (/Users/amoralesma/Documents/research/abb_driver_pci/devel/.private/abb_rapid_msgs/share/common-lisp/ros/abb_rapid_msgs/msg/_package_JointTarget.lisp, /Users/amoralesma/Documents/research/abb_driver_pci/devel/share/common-lisp/ros/abb_rapid_msgs/msg/_package_JointTarget.lisp)
Linked: (/Users/amoralesma/Documents/research/abb_driver_pci/devel/.private/abb_rapid_msgs/share/common-lisp/ros/abb_rapid_msgs/msg/Pos.lisp, /Users/amoralesma/Documents/research/abb_driver_pci/devel/share/common-lisp/ros/abb_rapid_msgs/msg/Pos.lisp)
Linked: (/Users/amoralesma/Documents/research/abb_driver_pci/devel/.private/abb_rapid_msgs/share/common-lisp/ros/abb_rapid_msgs/msg/_package_LoadData.lisp, /Users/amoralesma/Documents/research/abb_driver_pci/devel/share/common-lisp/ros/abb_rapid_msgs/msg/_package_LoadData.lisp)
Linked: (/Users/amoralesma/Documents/research/abb_driver_pci/devel/.private/abb_rapid_msgs/share/common-lisp/ros/abb_rapid_msgs/msg/_package_ConfData.lisp, /Users/amoralesma/Documents/research/abb_driver_pci/devel/share/common-lisp/ros/abb_rapid_msgs/msg/_package_ConfData.lisp)
Linked: (/Users/amoralesma/Documents/research/abb_driver_pci/devel/.private/abb_rapid_msgs/share/common-lisp/ros/abb_rapid_msgs/msg/ExtJoint.lisp, /Users/amoralesma/Documents/research/abb_driver_pci/devel/share/common-lisp/ros/abb_rapid_msgs/msg/ExtJoint.lisp)
Linked: (/Users/amoralesma/Documents/research/abb_driver_pci/devel/.private/abb_rapid_msgs/share/common-lisp/ros/abb_rapid_msgs/msg/LoadData.lisp, /Users/amoralesma/Documents/research/abb_driver_pci/devel/share/common-lisp/ros/abb_rapid_msgs/msg/LoadData.lisp)
Linked: (/Users/amoralesma/Documents/research/abb_driver_pci/devel/.private/abb_rapid_msgs/share/common-lisp/ros/abb_rapid_msgs/msg/Pose.lisp, /Users/amoralesma/Documents/research/abb_driver_pci/devel/share/common-lisp/ros/abb_rapid_msgs/msg/Pose.lisp)
Linked: (/Users/amoralesma/Documents/research/abb_driver_pci/devel/.private/abb_rapid_msgs/share/common-lisp/ros/abb_rapid_msgs/msg/_package_RobTarget.lisp, /Users/amoralesma/Documents/research/abb_driver_pci/devel/share/common-lisp/ros/abb_rapid_msgs/msg/_package_RobTarget.lisp)
Linked: (/Users/amoralesma/Documents/research/abb_driver_pci/devel/.private/abb_rapid_msgs/share/gennodejs/ros/abb_rapid_msgs/_index.js, /Users/amoralesma/Documents/research/abb_driver_pci/devel/share/gennodejs/ros/abb_rapid_msgs/_index.js)
Linked: (/Users/amoralesma/Documents/research/abb_driver_pci/devel/.private/abb_rapid_msgs/share/gennodejs/ros/abb_rapid_msgs/msg/_index.js, /Users/amoralesma/Documents/research/abb_driver_pci/devel/share/gennodejs/ros/abb_rapid_msgs/msg/_index.js)
Linked: (/Users/amoralesma/Documents/research/abb_driver_pci/devel/.private/abb_rapid_msgs/share/gennodejs/ros/abb_rapid_msgs/msg/ToolData.js, /Users/amoralesma/Documents/research/abb_driver_pci/devel/share/gennodejs/ros/abb_rapid_msgs/msg/ToolData.js)
Linked: (/Users/amoralesma/Documents/research/abb_driver_pci/devel/.private/abb_rapid_msgs/share/gennodejs/ros/abb_rapid_msgs/msg/Pos.js, /Users/amoralesma/Documents/research/abb_driver_pci/devel/share/gennodejs/ros/abb_rapid_msgs/msg/Pos.js)
Linked: (/Users/amoralesma/Documents/research/abb_driver_pci/devel/.private/abb_rapid_msgs/share/gennodejs/ros/abb_rapid_msgs/msg/JointTarget.js, /Users/amoralesma/Documents/research/abb_driver_pci/devel/share/gennodejs/ros/abb_rapid_msgs/msg/JointTarget.js)
Linked: (/Users/amoralesma/Documents/research/abb_driver_pci/devel/.private/abb_rapid_msgs/share/gennodejs/ros/abb_rapid_msgs/msg/WObjData.js, /Users/amoralesma/Documents/research/abb_driver_pci/devel/share/gennodejs/ros/abb_rapid_msgs/msg/WObjData.js)
Linked: (/Users/amoralesma/Documents/research/abb_driver_pci/devel/.private/abb_rapid_msgs/share/gennodejs/ros/abb_rapid_msgs/msg/ExtJoint.js, /Users/amoralesma/Documents/research/abb_driver_pci/devel/share/gennodejs/ros/abb_rapid_msgs/msg/ExtJoint.js)
Linked: (/Users/amoralesma/Documents/research/abb_driver_pci/devel/.private/abb_rapid_msgs/share/gennodejs/ros/abb_rapid_msgs/msg/RobTarget.js, /Users/amoralesma/Documents/research/abb_driver_pci/devel/share/gennodejs/ros/abb_rapid_msgs/msg/RobTarget.js)
Linked: (/Users/amoralesma/Documents/research/abb_driver_pci/devel/.private/abb_rapid_msgs/share/gennodejs/ros/abb_rapid_msgs/msg/Orient.js, /Users/amoralesma/Documents/research/abb_driver_pci/devel/share/gennodejs/ros/abb_rapid_msgs/msg/Orient.js)
Linked: (/Users/amoralesma/Documents/research/abb_driver_pci/devel/.private/abb_rapid_msgs/share/gennodejs/ros/abb_rapid_msgs/msg/RobJoint.js, /Users/amoralesma/Documents/research/abb_driver_pci/devel/share/gennodejs/ros/abb_rapid_msgs/msg/RobJoint.js)
Linked: (/Users/amoralesma/Documents/research/abb_driver_pci/devel/.private/abb_rapid_msgs/share/gennodejs/ros/abb_rapid_msgs/msg/ConfData.js, /Users/amoralesma/Documents/research/abb_driver_pci/devel/share/gennodejs/ros/abb_rapid_msgs/msg/ConfData.js)
Linked: (/Users/amoralesma/Documents/research/abb_driver_pci/devel/.private/abb_rapid_msgs/share/gennodejs/ros/abb_rapid_msgs/msg/LoadData.js, /Users/amoralesma/Documents/research/abb_driver_pci/devel/share/gennodejs/ros/abb_rapid_msgs/msg/LoadData.js)
Linked: (/Users/amoralesma/Documents/research/abb_driver_pci/devel/.private/abb_rapid_msgs/share/gennodejs/ros/abb_rapid_msgs/msg/Pose.js, /Users/amoralesma/Documents/research/abb_driver_pci/devel/share/gennodejs/ros/abb_rapid_msgs/msg/Pose.js)
