[  6%] [34m[1mRunning cpp protocol buffer compiler on proto/egm_wrapper_trajectory.proto[0m
[ 13%] [34m[1mRunning cpp protocol buffer compiler on proto/egm.proto[0m
[ 20%] [34m[1mRunning cpp protocol buffer compiler on proto/egm_wrapper.proto[0m
[ 26%] [32mBuilding CXX object CMakeFiles/abb_libegm.dir/src/egm_base_interface.cpp.o[0m
[ 33%] [32mBuilding CXX object CMakeFiles/abb_libegm.dir/src/egm_common.cpp.o[0m
[ 40%] [32mBuilding CXX object CMakeFiles/abb_libegm.dir/src/egm_common_auxiliary.cpp.o[0m
[ 46%] [32mBuilding CXX object CMakeFiles/abb_libegm.dir/src/egm_controller_interface.cpp.o[0m
[ 53%] [32mBuilding CXX object CMakeFiles/abb_libegm.dir/src/egm_interpolator.cpp.o[0m
[ 60%] [32mBuilding CXX object CMakeFiles/abb_libegm.dir/src/egm_logger.cpp.o[0m
[ 66%] [32mBuilding CXX object CMakeFiles/abb_libegm.dir/src/egm_udp_server.cpp.o[0m
[ 73%] [32mBuilding CXX object CMakeFiles/abb_libegm.dir/src/egm_trajectory_interface.cpp.o[0m
[1m/Users/amoralesma/Documents/research/abb_driver_pci/src/abb_libegm/src/egm_interpolator.cpp:464:11: [0m[0;1;35mwarning: [0m[1menumeration value 'Normal' not handled in switch [-Wswitch][0m
  switch (operation_)
[0;1;32m          ^~~~~~~~~~
[0m[1m/Users/amoralesma/Documents/research/abb_driver_pci/src/abb_libegm/src/egm_interpolator.cpp:494:11: [0m[0;1;35mwarning: [0m[1menumeration values 'Normal' and 'RampDown' not handled in switch [-Wswitch][0m
  switch (operation_)
[0;1;32m          ^~~~~~~~~~
[0m[1m/Users/amoralesma/Documents/research/abb_driver_pci/src/abb_libegm/src/egm_interpolator.cpp:565:11: [0m[0;1;35mwarning: [0m[1menumeration value 'Normal' not handled in switch [-Wswitch][0m
  switch (operation_)
[0;1;32m          ^~~~~~~~~~
[0m3 warnings generated.
[ 80%] [32mBuilding CXX object CMakeFiles/abb_libegm.dir/egm.pb.cc.o[0m
[ 86%] [32mBuilding CXX object CMakeFiles/abb_libegm.dir/egm_wrapper.pb.cc.o[0m
[ 93%] [32mBuilding CXX object CMakeFiles/abb_libegm.dir/egm_wrapper_trajectory.pb.cc.o[0m
[100%] [32m[1mLinking CXX shared library libabb_libegm.dylib[0m
ld: warning: -pie being ignored. It is only used when linking a main executable
[100%] Built target abb_libegm
